[0.697s] DEBUG:colcon:Command line arguments: ['/usr/bin/colcon', 'build', '--packages-select', 'tutorial_interfaces']
[0.698s] DEBUG:colcon:Parsed command line arguments: Namespace(log_base=None, log_level=None, verb_name='build', build_base='build', install_base='install', merge_install=False, symlink_install=False, test_result_base=None, continue_on_error=False, executor='parallel', parallel_workers=12, event_handlers=None, ignore_user_meta=False, metas=['./colcon.meta'], base_paths=['.'], packages_ignore=None, packages_ignore_regex=None, paths=None, packages_up_to=None, packages_up_to_regex=None, packages_above=None, packages_above_and_dependencies=None, packages_above_depth=None, packages_select_by_dep=None, packages_skip_by_dep=None, packages_skip_up_to=None, packages_select_build_failed=False, packages_skip_build_finished=False, packages_select_test_failures=False, packages_skip_test_passed=False, packages_select=['tutorial_interfaces'], packages_skip=None, packages_select_regex=None, packages_skip_regex=None, packages_start=None, packages_end=None, allow_overriding=[], cmake_args=None, cmake_target=None, cmake_target_skip_unavailable=False, cmake_clean_cache=False, cmake_clean_first=False, cmake_force_configure=False, ament_cmake_args=None, catkin_cmake_args=None, catkin_skip_building_tests=False, verb_parser=<colcon_defaults.argument_parser.defaults.DefaultArgumentsDecorator object at 0x7f99f7eeaa40>, verb_extension=<colcon_core.verb.build.BuildVerb object at 0x7f99f85802e0>, main=<bound method BuildVerb.main of <colcon_core.verb.build.BuildVerb object at 0x7f99f85802e0>>)
[0.729s] Level 1:colcon.colcon_core.package_discovery:discover_packages(colcon_meta) check parameters
[0.729s] Level 1:colcon.colcon_core.package_discovery:discover_packages(recursive) check parameters
[0.729s] Level 1:colcon.colcon_core.package_discovery:discover_packages(ignore) check parameters
[0.729s] Level 1:colcon.colcon_core.package_discovery:discover_packages(path) check parameters
[0.730s] Level 1:colcon.colcon_core.package_discovery:discover_packages(colcon_meta) discover
[0.730s] Level 1:colcon.colcon_core.package_discovery:discover_packages(recursive) discover
[0.730s] INFO:colcon.colcon_core.package_discovery:Crawling recursively for packages in '/home/sacka/repositories/billy-agv/src/tutorial_interfaces'
[0.730s] Level 1:colcon.colcon_core.package_identification:_identify(.) by extensions ['ignore', 'ignore_ament_install']
[0.730s] Level 1:colcon.colcon_core.package_identification:_identify(.) by extension 'ignore'
[0.731s] Level 1:colcon.colcon_core.package_identification:_identify(.) by extension 'ignore_ament_install'
[0.731s] Level 1:colcon.colcon_core.package_identification:_identify(.) by extensions ['colcon_pkg']
[0.731s] Level 1:colcon.colcon_core.package_identification:_identify(.) by extension 'colcon_pkg'
[0.731s] Level 1:colcon.colcon_core.package_identification:_identify(.) by extensions ['colcon_meta']
[0.731s] Level 1:colcon.colcon_core.package_identification:_identify(.) by extension 'colcon_meta'
[0.731s] Level 1:colcon.colcon_core.package_identification:_identify(.) by extensions ['ros']
[0.731s] Level 1:colcon.colcon_core.package_identification:_identify(.) by extension 'ros'
[0.757s] DEBUG:colcon.colcon_core.package_identification:Package '.' with type 'ros.ament_cmake' and name 'tutorial_interfaces'
[0.757s] Level 1:colcon.colcon_core.package_discovery:discover_packages(recursive) using defaults
[0.757s] Level 1:colcon.colcon_core.package_discovery:discover_packages(ignore) discover
[0.757s] Level 1:colcon.colcon_core.package_discovery:discover_packages(ignore) using defaults
[0.757s] Level 1:colcon.colcon_core.package_discovery:discover_packages(path) discover
[0.758s] Level 1:colcon.colcon_core.package_discovery:discover_packages(path) using defaults
[0.787s] Level 1:colcon.colcon_core.package_discovery:discover_packages(prefix_path) check parameters
[0.787s] Level 1:colcon.colcon_core.package_discovery:discover_packages(prefix_path) discover
[0.790s] DEBUG:colcon.colcon_installed_package_information.package_discovery:Found 4 installed packages in /home/sacka/repositories/billy-agv/install
[0.792s] DEBUG:colcon.colcon_installed_package_information.package_discovery:Found 283 installed packages in /opt/ros/humble
[0.795s] Level 1:colcon.colcon_core.package_discovery:discover_packages(prefix_path) using defaults
[0.927s] Level 5:colcon.colcon_core.verb:set package 'tutorial_interfaces' build argument 'cmake_args' from command line to 'None'
[0.928s] Level 5:colcon.colcon_core.verb:set package 'tutorial_interfaces' build argument 'cmake_target' from command line to 'None'
[0.928s] Level 5:colcon.colcon_core.verb:set package 'tutorial_interfaces' build argument 'cmake_target_skip_unavailable' from command line to 'False'
[0.928s] Level 5:colcon.colcon_core.verb:set package 'tutorial_interfaces' build argument 'cmake_clean_cache' from command line to 'False'
[0.928s] Level 5:colcon.colcon_core.verb:set package 'tutorial_interfaces' build argument 'cmake_clean_first' from command line to 'False'
[0.928s] Level 5:colcon.colcon_core.verb:set package 'tutorial_interfaces' build argument 'cmake_force_configure' from command line to 'False'
[0.928s] Level 5:colcon.colcon_core.verb:set package 'tutorial_interfaces' build argument 'ament_cmake_args' from command line to 'None'
[0.928s] Level 5:colcon.colcon_core.verb:set package 'tutorial_interfaces' build argument 'catkin_cmake_args' from command line to 'None'
[0.928s] Level 5:colcon.colcon_core.verb:set package 'tutorial_interfaces' build argument 'catkin_skip_building_tests' from command line to 'False'
[0.928s] DEBUG:colcon.colcon_core.verb:Building package 'tutorial_interfaces' with the following arguments: {'ament_cmake_args': None, 'build_base': '/home/sacka/repositories/billy-agv/src/tutorial_interfaces/build/tutorial_interfaces', 'catkin_cmake_args': None, 'catkin_skip_building_tests': False, 'cmake_args': None, 'cmake_clean_cache': False, 'cmake_clean_first': False, 'cmake_force_configure': False, 'cmake_target': None, 'cmake_target_skip_unavailable': False, 'install_base': '/home/sacka/repositories/billy-agv/src/tutorial_interfaces/install/tutorial_interfaces', 'merge_install': False, 'path': '/home/sacka/repositories/billy-agv/src/tutorial_interfaces', 'symlink_install': False, 'test_result_base': None}
[0.929s] INFO:colcon.colcon_core.executor:Executing jobs using 'parallel' executor
[0.934s] DEBUG:colcon.colcon_parallel_executor.executor.parallel:run_until_complete
[0.934s] INFO:colcon.colcon_ros.task.ament_cmake.build:Building ROS package in '/home/sacka/repositories/billy-agv/src/tutorial_interfaces' with build type 'ament_cmake'
[0.935s] INFO:colcon.colcon_cmake.task.cmake.build:Building CMake package in '/home/sacka/repositories/billy-agv/src/tutorial_interfaces'
[0.942s] INFO:colcon.colcon_core.plugin_system:Skipping extension 'colcon_core.shell.bat': Not used on non-Windows systems
[0.942s] INFO:colcon.colcon_core.shell:Skip shell extension 'powershell' for command environment: Not usable outside of PowerShell
[0.942s] DEBUG:colcon.colcon_core.shell:Skip shell extension 'dsv' for command environment
[0.956s] DEBUG:colcon.colcon_core.event_handler.log_command:Invoking command in '/home/sacka/repositories/billy-agv/src/tutorial_interfaces/build/tutorial_interfaces': CMAKE_PREFIX_PATH=${CMAKE_PREFIX_PATH}:/opt/ros/humble /usr/bin/cmake /home/sacka/repositories/billy-agv/src/tutorial_interfaces -DCMAKE_INSTALL_PREFIX=/home/sacka/repositories/billy-agv/src/tutorial_interfaces/install/tutorial_interfaces
[9.714s] DEBUG:colcon.colcon_core.event_handler.log_command:Invoked command in '/home/sacka/repositories/billy-agv/src/tutorial_interfaces/build/tutorial_interfaces' returned '0': CMAKE_PREFIX_PATH=${CMAKE_PREFIX_PATH}:/opt/ros/humble /usr/bin/cmake /home/sacka/repositories/billy-agv/src/tutorial_interfaces -DCMAKE_INSTALL_PREFIX=/home/sacka/repositories/billy-agv/src/tutorial_interfaces/install/tutorial_interfaces
[9.717s] DEBUG:colcon.colcon_core.event_handler.log_command:Invoking command in '/home/sacka/repositories/billy-agv/src/tutorial_interfaces/build/tutorial_interfaces': CMAKE_PREFIX_PATH=${CMAKE_PREFIX_PATH}:/opt/ros/humble /usr/bin/cmake --build /home/sacka/repositories/billy-agv/src/tutorial_interfaces/build/tutorial_interfaces -- -j12 -l12
[14.959s] DEBUG:colcon.colcon_core.event_handler.log_command:Invoked command in '/home/sacka/repositories/billy-agv/src/tutorial_interfaces/build/tutorial_interfaces' returned '0': CMAKE_PREFIX_PATH=${CMAKE_PREFIX_PATH}:/opt/ros/humble /usr/bin/cmake --build /home/sacka/repositories/billy-agv/src/tutorial_interfaces/build/tutorial_interfaces -- -j12 -l12
[15.040s] DEBUG:colcon.colcon_core.event_handler.log_command:Invoking command in '/home/sacka/repositories/billy-agv/src/tutorial_interfaces/build/tutorial_interfaces': CMAKE_PREFIX_PATH=${CMAKE_PREFIX_PATH}:/opt/ros/humble /usr/bin/cmake --install /home/sacka/repositories/billy-agv/src/tutorial_interfaces/build/tutorial_interfaces
[15.164s] Level 1:colcon.colcon_core.environment:create_environment_scripts_only(tutorial_interfaces)
[15.166s] DEBUG:colcon.colcon_core.event_handler.log_command:Invoked command in '/home/sacka/repositories/billy-agv/src/tutorial_interfaces/build/tutorial_interfaces' returned '0': CMAKE_PREFIX_PATH=${CMAKE_PREFIX_PATH}:/opt/ros/humble /usr/bin/cmake --install /home/sacka/repositories/billy-agv/src/tutorial_interfaces/build/tutorial_interfaces
[15.169s] Level 1:colcon.colcon_core.environment:checking '/home/sacka/repositories/billy-agv/src/tutorial_interfaces/install/tutorial_interfaces' for CMake module files
[15.170s] Level 1:colcon.colcon_core.environment:checking '/home/sacka/repositories/billy-agv/src/tutorial_interfaces/install/tutorial_interfaces' for CMake config files
[15.171s] Level 1:colcon.colcon_core.shell:create_environment_hook('tutorial_interfaces', 'cmake_prefix_path')
[15.172s] INFO:colcon.colcon_core.shell:Creating environment hook '/home/sacka/repositories/billy-agv/src/tutorial_interfaces/install/tutorial_interfaces/share/tutorial_interfaces/hook/cmake_prefix_path.ps1'
[15.172s] INFO:colcon.colcon_core.shell:Creating environment descriptor '/home/sacka/repositories/billy-agv/src/tutorial_interfaces/install/tutorial_interfaces/share/tutorial_interfaces/hook/cmake_prefix_path.dsv'
[15.173s] INFO:colcon.colcon_core.shell:Creating environment hook '/home/sacka/repositories/billy-agv/src/tutorial_interfaces/install/tutorial_interfaces/share/tutorial_interfaces/hook/cmake_prefix_path.sh'
[15.174s] Level 1:colcon.colcon_core.environment:checking '/home/sacka/repositories/billy-agv/src/tutorial_interfaces/install/tutorial_interfaces/lib'
[15.174s] Level 1:colcon.colcon_core.shell:create_environment_hook('tutorial_interfaces', 'ld_library_path_lib')
[15.175s] INFO:colcon.colcon_core.shell:Creating environment hook '/home/sacka/repositories/billy-agv/src/tutorial_interfaces/install/tutorial_interfaces/share/tutorial_interfaces/hook/ld_library_path_lib.ps1'
[15.176s] INFO:colcon.colcon_core.shell:Creating environment descriptor '/home/sacka/repositories/billy-agv/src/tutorial_interfaces/install/tutorial_interfaces/share/tutorial_interfaces/hook/ld_library_path_lib.dsv'
[15.176s] INFO:colcon.colcon_core.shell:Creating environment hook '/home/sacka/repositories/billy-agv/src/tutorial_interfaces/install/tutorial_interfaces/share/tutorial_interfaces/hook/ld_library_path_lib.sh'
[15.176s] Level 1:colcon.colcon_core.environment:checking '/home/sacka/repositories/billy-agv/src/tutorial_interfaces/install/tutorial_interfaces/bin'
[15.176s] Level 1:colcon.colcon_core.environment:checking '/home/sacka/repositories/billy-agv/src/tutorial_interfaces/install/tutorial_interfaces/lib/pkgconfig/tutorial_interfaces.pc'
[15.177s] Level 1:colcon.colcon_core.environment:checking '/home/sacka/repositories/billy-agv/src/tutorial_interfaces/install/tutorial_interfaces/lib/python3.10/site-packages'
[15.177s] Level 1:colcon.colcon_core.environment:checking '/home/sacka/repositories/billy-agv/src/tutorial_interfaces/install/tutorial_interfaces/bin'
[15.178s] INFO:colcon.colcon_core.shell:Creating package script '/home/sacka/repositories/billy-agv/src/tutorial_interfaces/install/tutorial_interfaces/share/tutorial_interfaces/package.ps1'
[15.179s] INFO:colcon.colcon_core.shell:Creating package descriptor '/home/sacka/repositories/billy-agv/src/tutorial_interfaces/install/tutorial_interfaces/share/tutorial_interfaces/package.dsv'
[15.179s] INFO:colcon.colcon_core.shell:Creating package script '/home/sacka/repositories/billy-agv/src/tutorial_interfaces/install/tutorial_interfaces/share/tutorial_interfaces/package.sh'
[15.180s] INFO:colcon.colcon_core.shell:Creating package script '/home/sacka/repositories/billy-agv/src/tutorial_interfaces/install/tutorial_interfaces/share/tutorial_interfaces/package.bash'
[15.181s] INFO:colcon.colcon_core.shell:Creating package script '/home/sacka/repositories/billy-agv/src/tutorial_interfaces/install/tutorial_interfaces/share/tutorial_interfaces/package.zsh'
[15.181s] Level 1:colcon.colcon_core.environment:create_file_with_runtime_dependencies(/home/sacka/repositories/billy-agv/src/tutorial_interfaces/install/tutorial_interfaces/share/colcon-core/packages/tutorial_interfaces)
[15.247s] Level 1:colcon.colcon_core.environment:create_environment_scripts_only(tutorial_interfaces)
[15.249s] Level 1:colcon.colcon_core.environment:checking '/home/sacka/repositories/billy-agv/src/tutorial_interfaces/install/tutorial_interfaces' for CMake module files
[15.249s] Level 1:colcon.colcon_core.environment:checking '/home/sacka/repositories/billy-agv/src/tutorial_interfaces/install/tutorial_interfaces' for CMake config files
[15.250s] Level 1:colcon.colcon_core.shell:create_environment_hook('tutorial_interfaces', 'cmake_prefix_path')
[15.252s] INFO:colcon.colcon_core.shell:Creating environment hook '/home/sacka/repositories/billy-agv/src/tutorial_interfaces/install/tutorial_interfaces/share/tutorial_interfaces/hook/cmake_prefix_path.ps1'
[15.252s] INFO:colcon.colcon_core.shell:Creating environment descriptor '/home/sacka/repositories/billy-agv/src/tutorial_interfaces/install/tutorial_interfaces/share/tutorial_interfaces/hook/cmake_prefix_path.dsv'
[15.253s] INFO:colcon.colcon_core.shell:Creating environment hook '/home/sacka/repositories/billy-agv/src/tutorial_interfaces/install/tutorial_interfaces/share/tutorial_interfaces/hook/cmake_prefix_path.sh'
[15.253s] Level 1:colcon.colcon_core.environment:checking '/home/sacka/repositories/billy-agv/src/tutorial_interfaces/install/tutorial_interfaces/lib'
[15.254s] Level 1:colcon.colcon_core.shell:create_environment_hook('tutorial_interfaces', 'ld_library_path_lib')
[15.256s] INFO:colcon.colcon_core.shell:Creating environment hook '/home/sacka/repositories/billy-agv/src/tutorial_interfaces/install/tutorial_interfaces/share/tutorial_interfaces/hook/ld_library_path_lib.ps1'
[15.256s] INFO:colcon.colcon_core.shell:Creating environment descriptor '/home/sacka/repositories/billy-agv/src/tutorial_interfaces/install/tutorial_interfaces/share/tutorial_interfaces/hook/ld_library_path_lib.dsv'
[15.256s] INFO:colcon.colcon_core.shell:Creating environment hook '/home/sacka/repositories/billy-agv/src/tutorial_interfaces/install/tutorial_interfaces/share/tutorial_interfaces/hook/ld_library_path_lib.sh'
[15.257s] Level 1:colcon.colcon_core.environment:checking '/home/sacka/repositories/billy-agv/src/tutorial_interfaces/install/tutorial_interfaces/bin'
[15.257s] Level 1:colcon.colcon_core.environment:checking '/home/sacka/repositories/billy-agv/src/tutorial_interfaces/install/tutorial_interfaces/lib/pkgconfig/tutorial_interfaces.pc'
[15.258s] Level 1:colcon.colcon_core.environment:checking '/home/sacka/repositories/billy-agv/src/tutorial_interfaces/install/tutorial_interfaces/lib/python3.10/site-packages'
[15.258s] Level 1:colcon.colcon_core.environment:checking '/home/sacka/repositories/billy-agv/src/tutorial_interfaces/install/tutorial_interfaces/bin'
[15.260s] INFO:colcon.colcon_core.shell:Creating package script '/home/sacka/repositories/billy-agv/src/tutorial_interfaces/install/tutorial_interfaces/share/tutorial_interfaces/package.ps1'
[15.260s] INFO:colcon.colcon_core.shell:Creating package descriptor '/home/sacka/repositories/billy-agv/src/tutorial_interfaces/install/tutorial_interfaces/share/tutorial_interfaces/package.dsv'
[15.261s] INFO:colcon.colcon_core.shell:Creating package script '/home/sacka/repositories/billy-agv/src/tutorial_interfaces/install/tutorial_interfaces/share/tutorial_interfaces/package.sh'
[15.262s] INFO:colcon.colcon_core.shell:Creating package script '/home/sacka/repositories/billy-agv/src/tutorial_interfaces/install/tutorial_interfaces/share/tutorial_interfaces/package.bash'
[15.262s] INFO:colcon.colcon_core.shell:Creating package script '/home/sacka/repositories/billy-agv/src/tutorial_interfaces/install/tutorial_interfaces/share/tutorial_interfaces/package.zsh'
[15.263s] Level 1:colcon.colcon_core.environment:create_file_with_runtime_dependencies(/home/sacka/repositories/billy-agv/src/tutorial_interfaces/install/tutorial_interfaces/share/colcon-core/packages/tutorial_interfaces)
[15.263s] DEBUG:colcon.colcon_parallel_executor.executor.parallel:closing loop
[15.264s] DEBUG:colcon.colcon_parallel_executor.executor.parallel:loop closed
[15.264s] DEBUG:colcon.colcon_parallel_executor.executor.parallel:run_until_complete finished with '0'
[15.264s] DEBUG:colcon.colcon_core.event_reactor:joining thread
[15.383s] INFO:colcon.colcon_core.plugin_system:Skipping extension 'colcon_notification.desktop_notification.notify_send': Could not find 'notify-send'
[15.384s] INFO:colcon.colcon_core.plugin_system:Skipping extension 'colcon_notification.desktop_notification.terminal_notifier': Not used on non-Darwin systems
[15.384s] INFO:colcon.colcon_core.plugin_system:Skipping extension 'colcon_notification.desktop_notification.win32': Not used on non-Windows systems
[15.384s] INFO:colcon.colcon_notification.desktop_notification:Sending desktop notification using 'notify2'
[15.388s] DEBUG:colcon.colcon_notification.desktop_notification.notify2:Failed to initialize notify2: org.freedesktop.DBus.Error.ServiceUnknown: The name org.freedesktop.Notifications was not provided by any .service files
[15.388s] DEBUG:colcon.colcon_core.event_reactor:joined thread
[15.391s] INFO:colcon.colcon_core.shell:Creating prefix script '/home/sacka/repositories/billy-agv/src/tutorial_interfaces/install/local_setup.ps1'
[15.392s] INFO:colcon.colcon_core.shell:Creating prefix util module '/home/sacka/repositories/billy-agv/src/tutorial_interfaces/install/_local_setup_util_ps1.py'
[15.393s] INFO:colcon.colcon_core.shell:Creating prefix chain script '/home/sacka/repositories/billy-agv/src/tutorial_interfaces/install/setup.ps1'
[15.395s] INFO:colcon.colcon_core.shell:Creating prefix script '/home/sacka/repositories/billy-agv/src/tutorial_interfaces/install/local_setup.sh'
[15.395s] INFO:colcon.colcon_core.shell:Creating prefix util module '/home/sacka/repositories/billy-agv/src/tutorial_interfaces/install/_local_setup_util_sh.py'
[15.396s] INFO:colcon.colcon_core.shell:Creating prefix chain script '/home/sacka/repositories/billy-agv/src/tutorial_interfaces/install/setup.sh'
[15.397s] INFO:colcon.colcon_core.shell:Creating prefix script '/home/sacka/repositories/billy-agv/src/tutorial_interfaces/install/local_setup.bash'
[15.398s] INFO:colcon.colcon_core.shell:Creating prefix chain script '/home/sacka/repositories/billy-agv/src/tutorial_interfaces/install/setup.bash'
[15.399s] INFO:colcon.colcon_core.shell:Creating prefix script '/home/sacka/repositories/billy-agv/src/tutorial_interfaces/install/local_setup.zsh'
[15.399s] INFO:colcon.colcon_core.shell:Creating prefix chain script '/home/sacka/repositories/billy-agv/src/tutorial_interfaces/install/setup.zsh'
