[0.777s] DEBUG:colcon:Command line arguments: ['/usr/bin/colcon', 'build']
[0.777s] DEBUG:colcon:Parsed command line arguments: Namespace(log_base=None, log_level=None, verb_name='build', build_base='build', install_base='install', merge_install=False, symlink_install=False, test_result_base=None, continue_on_error=False, executor='parallel', parallel_workers=12, event_handlers=None, ignore_user_meta=False, metas=['./colcon.meta'], base_paths=['.'], packages_ignore=None, packages_ignore_regex=None, paths=None, packages_up_to=None, packages_up_to_regex=None, packages_above=None, packages_above_and_dependencies=None, packages_above_depth=None, packages_select_by_dep=None, packages_skip_by_dep=None, packages_skip_up_to=None, packages_select_build_failed=False, packages_skip_build_finished=False, packages_select_test_failures=False, packages_skip_test_passed=False, packages_select=None, packages_skip=None, packages_select_regex=None, packages_skip_regex=None, packages_start=None, packages_end=None, allow_overriding=[], cmake_args=None, cmake_target=None, cmake_target_skip_unavailable=False, cmake_clean_cache=False, cmake_clean_first=False, cmake_force_configure=False, ament_cmake_args=None, catkin_cmake_args=None, catkin_skip_building_tests=False, verb_parser=<colcon_defaults.argument_parser.defaults.DefaultArgumentsDecorator object at 0x7f1913026800>, verb_extension=<colcon_core.verb.build.BuildVerb object at 0x7f19136be080>, main=<bound method BuildVerb.main of <colcon_core.verb.build.BuildVerb object at 0x7f19136be080>>)
[0.810s] Level 1:colcon.colcon_core.package_discovery:discover_packages(colcon_meta) check parameters
[0.810s] Level 1:colcon.colcon_core.package_discovery:discover_packages(recursive) check parameters
[0.810s] Level 1:colcon.colcon_core.package_discovery:discover_packages(ignore) check parameters
[0.810s] Level 1:colcon.colcon_core.package_discovery:discover_packages(path) check parameters
[0.810s] Level 1:colcon.colcon_core.package_discovery:discover_packages(colcon_meta) discover
[0.811s] Level 1:colcon.colcon_core.package_discovery:discover_packages(recursive) discover
[0.811s] INFO:colcon.colcon_core.package_discovery:Crawling recursively for packages in '/home/sacka/repositories/billy-agv/src/tutorial_interfaces'
[0.811s] Level 1:colcon.colcon_core.package_identification:_identify(.) by extensions ['ignore', 'ignore_ament_install']
[0.811s] Level 1:colcon.colcon_core.package_identification:_identify(.) by extension 'ignore'
[0.811s] Level 1:colcon.colcon_core.package_identification:_identify(.) by extension 'ignore_ament_install'
[0.811s] Level 1:colcon.colcon_core.package_identification:_identify(.) by extensions ['colcon_pkg']
[0.811s] Level 1:colcon.colcon_core.package_identification:_identify(.) by extension 'colcon_pkg'
[0.811s] Level 1:colcon.colcon_core.package_identification:_identify(.) by extensions ['colcon_meta']
[0.812s] Level 1:colcon.colcon_core.package_identification:_identify(.) by extension 'colcon_meta'
[0.812s] Level 1:colcon.colcon_core.package_identification:_identify(.) by extensions ['ros']
[0.812s] Level 1:colcon.colcon_core.package_identification:_identify(.) by extension 'ros'
[0.840s] DEBUG:colcon.colcon_core.package_identification:Package '.' with type 'ros.ament_cmake' and name 'tutorial_interfaces'
[0.841s] Level 1:colcon.colcon_core.package_discovery:discover_packages(recursive) using defaults
[0.841s] Level 1:colcon.colcon_core.package_discovery:discover_packages(ignore) discover
[0.841s] Level 1:colcon.colcon_core.package_discovery:discover_packages(ignore) using defaults
[0.841s] Level 1:colcon.colcon_core.package_discovery:discover_packages(path) discover
[0.841s] Level 1:colcon.colcon_core.package_discovery:discover_packages(path) using defaults
[0.872s] Level 1:colcon.colcon_core.package_discovery:discover_packages(prefix_path) check parameters
[0.872s] Level 1:colcon.colcon_core.package_discovery:discover_packages(prefix_path) discover
[0.875s] DEBUG:colcon.colcon_installed_package_information.package_discovery:Found 1 installed packages in /home/sacka/repositories/billy-agv/src/tutorial_interfaces/install
[0.877s] DEBUG:colcon.colcon_installed_package_information.package_discovery:Found 4 installed packages in /home/sacka/repositories/billy-agv/install
[0.878s] DEBUG:colcon.colcon_installed_package_information.package_discovery:Found 283 installed packages in /opt/ros/humble
[0.880s] Level 1:colcon.colcon_core.package_discovery:discover_packages(prefix_path) using defaults
[0.963s] Level 5:colcon.colcon_core.verb:set package 'tutorial_interfaces' build argument 'cmake_args' from command line to 'None'
[0.963s] Level 5:colcon.colcon_core.verb:set package 'tutorial_interfaces' build argument 'cmake_target' from command line to 'None'
[0.963s] Level 5:colcon.colcon_core.verb:set package 'tutorial_interfaces' build argument 'cmake_target_skip_unavailable' from command line to 'False'
[0.963s] Level 5:colcon.colcon_core.verb:set package 'tutorial_interfaces' build argument 'cmake_clean_cache' from command line to 'False'
[0.963s] Level 5:colcon.colcon_core.verb:set package 'tutorial_interfaces' build argument 'cmake_clean_first' from command line to 'False'
[0.963s] Level 5:colcon.colcon_core.verb:set package 'tutorial_interfaces' build argument 'cmake_force_configure' from command line to 'False'
[0.963s] Level 5:colcon.colcon_core.verb:set package 'tutorial_interfaces' build argument 'ament_cmake_args' from command line to 'None'
[0.963s] Level 5:colcon.colcon_core.verb:set package 'tutorial_interfaces' build argument 'catkin_cmake_args' from command line to 'None'
[0.963s] Level 5:colcon.colcon_core.verb:set package 'tutorial_interfaces' build argument 'catkin_skip_building_tests' from command line to 'False'
[0.964s] DEBUG:colcon.colcon_core.verb:Building package 'tutorial_interfaces' with the following arguments: {'ament_cmake_args': None, 'build_base': '/home/sacka/repositories/billy-agv/src/tutorial_interfaces/build/tutorial_interfaces', 'catkin_cmake_args': None, 'catkin_skip_building_tests': False, 'cmake_args': None, 'cmake_clean_cache': False, 'cmake_clean_first': False, 'cmake_force_configure': False, 'cmake_target': None, 'cmake_target_skip_unavailable': False, 'install_base': '/home/sacka/repositories/billy-agv/src/tutorial_interfaces/install/tutorial_interfaces', 'merge_install': False, 'path': '/home/sacka/repositories/billy-agv/src/tutorial_interfaces', 'symlink_install': False, 'test_result_base': None}
[0.964s] INFO:colcon.colcon_core.executor:Executing jobs using 'parallel' executor
[0.969s] DEBUG:colcon.colcon_parallel_executor.executor.parallel:run_until_complete
[0.970s] INFO:colcon.colcon_ros.task.ament_cmake.build:Building ROS package in '/home/sacka/repositories/billy-agv/src/tutorial_interfaces' with build type 'ament_cmake'
[0.970s] INFO:colcon.colcon_cmake.task.cmake.build:Building CMake package in '/home/sacka/repositories/billy-agv/src/tutorial_interfaces'
[0.977s] INFO:colcon.colcon_core.plugin_system:Skipping extension 'colcon_core.shell.bat': Not used on non-Windows systems
[0.978s] INFO:colcon.colcon_core.shell:Skip shell extension 'powershell' for command environment: Not usable outside of PowerShell
[0.978s] DEBUG:colcon.colcon_core.shell:Skip shell extension 'dsv' for command environment
[0.995s] DEBUG:colcon.colcon_core.event_handler.log_command:Invoking command in '/home/sacka/repositories/billy-agv/src/tutorial_interfaces/build/tutorial_interfaces': CMAKE_PREFIX_PATH=${CMAKE_PREFIX_PATH}:/opt/ros/humble /usr/bin/cmake --build /home/sacka/repositories/billy-agv/src/tutorial_interfaces/build/tutorial_interfaces -- -j12 -l12
[1.449s] DEBUG:colcon.colcon_core.event_handler.log_command:Invoked command in '/home/sacka/repositories/billy-agv/src/tutorial_interfaces/build/tutorial_interfaces' returned '0': CMAKE_PREFIX_PATH=${CMAKE_PREFIX_PATH}:/opt/ros/humble /usr/bin/cmake --build /home/sacka/repositories/billy-agv/src/tutorial_interfaces/build/tutorial_interfaces -- -j12 -l12
[1.555s] DEBUG:colcon.colcon_core.event_handler.log_command:Invoking command in '/home/sacka/repositories/billy-agv/src/tutorial_interfaces/build/tutorial_interfaces': CMAKE_PREFIX_PATH=${CMAKE_PREFIX_PATH}:/opt/ros/humble /usr/bin/cmake --install /home/sacka/repositories/billy-agv/src/tutorial_interfaces/build/tutorial_interfaces
[1.638s] Level 1:colcon.colcon_core.environment:create_environment_scripts_only(tutorial_interfaces)
[1.650s] Level 1:colcon.colcon_core.environment:checking '/home/sacka/repositories/billy-agv/src/tutorial_interfaces/install/tutorial_interfaces' for CMake module files
[1.653s] Level 1:colcon.colcon_core.environment:checking '/home/sacka/repositories/billy-agv/src/tutorial_interfaces/install/tutorial_interfaces' for CMake config files
[1.656s] DEBUG:colcon.colcon_core.event_handler.log_command:Invoked command in '/home/sacka/repositories/billy-agv/src/tutorial_interfaces/build/tutorial_interfaces' returned '0': CMAKE_PREFIX_PATH=${CMAKE_PREFIX_PATH}:/opt/ros/humble /usr/bin/cmake --install /home/sacka/repositories/billy-agv/src/tutorial_interfaces/build/tutorial_interfaces
[1.656s] Level 1:colcon.colcon_core.shell:create_environment_hook('tutorial_interfaces', 'cmake_prefix_path')
[1.658s] INFO:colcon.colcon_core.shell:Creating environment hook '/home/sacka/repositories/billy-agv/src/tutorial_interfaces/install/tutorial_interfaces/share/tutorial_interfaces/hook/cmake_prefix_path.ps1'
[1.659s] INFO:colcon.colcon_core.shell:Creating environment descriptor '/home/sacka/repositories/billy-agv/src/tutorial_interfaces/install/tutorial_interfaces/share/tutorial_interfaces/hook/cmake_prefix_path.dsv'
[1.659s] INFO:colcon.colcon_core.shell:Creating environment hook '/home/sacka/repositories/billy-agv/src/tutorial_interfaces/install/tutorial_interfaces/share/tutorial_interfaces/hook/cmake_prefix_path.sh'
[1.660s] Level 1:colcon.colcon_core.environment:checking '/home/sacka/repositories/billy-agv/src/tutorial_interfaces/install/tutorial_interfaces/lib'
[1.661s] Level 1:colcon.colcon_core.shell:create_environment_hook('tutorial_interfaces', 'ld_library_path_lib')
[1.662s] INFO:colcon.colcon_core.shell:Creating environment hook '/home/sacka/repositories/billy-agv/src/tutorial_interfaces/install/tutorial_interfaces/share/tutorial_interfaces/hook/ld_library_path_lib.ps1'
[1.663s] INFO:colcon.colcon_core.shell:Creating environment descriptor '/home/sacka/repositories/billy-agv/src/tutorial_interfaces/install/tutorial_interfaces/share/tutorial_interfaces/hook/ld_library_path_lib.dsv'
[1.663s] INFO:colcon.colcon_core.shell:Creating environment hook '/home/sacka/repositories/billy-agv/src/tutorial_interfaces/install/tutorial_interfaces/share/tutorial_interfaces/hook/ld_library_path_lib.sh'
[1.664s] Level 1:colcon.colcon_core.environment:checking '/home/sacka/repositories/billy-agv/src/tutorial_interfaces/install/tutorial_interfaces/bin'
[1.664s] Level 1:colcon.colcon_core.environment:checking '/home/sacka/repositories/billy-agv/src/tutorial_interfaces/install/tutorial_interfaces/lib/pkgconfig/tutorial_interfaces.pc'
[1.664s] Level 1:colcon.colcon_core.environment:checking '/home/sacka/repositories/billy-agv/src/tutorial_interfaces/install/tutorial_interfaces/lib/python3.10/site-packages'
[1.665s] Level 1:colcon.colcon_core.environment:checking '/home/sacka/repositories/billy-agv/src/tutorial_interfaces/install/tutorial_interfaces/bin'
[1.666s] INFO:colcon.colcon_core.shell:Creating package script '/home/sacka/repositories/billy-agv/src/tutorial_interfaces/install/tutorial_interfaces/share/tutorial_interfaces/package.ps1'
[1.667s] INFO:colcon.colcon_core.shell:Creating package descriptor '/home/sacka/repositories/billy-agv/src/tutorial_interfaces/install/tutorial_interfaces/share/tutorial_interfaces/package.dsv'
[1.668s] INFO:colcon.colcon_core.shell:Creating package script '/home/sacka/repositories/billy-agv/src/tutorial_interfaces/install/tutorial_interfaces/share/tutorial_interfaces/package.sh'
[1.669s] INFO:colcon.colcon_core.shell:Creating package script '/home/sacka/repositories/billy-agv/src/tutorial_interfaces/install/tutorial_interfaces/share/tutorial_interfaces/package.bash'
[1.670s] INFO:colcon.colcon_core.shell:Creating package script '/home/sacka/repositories/billy-agv/src/tutorial_interfaces/install/tutorial_interfaces/share/tutorial_interfaces/package.zsh'
[1.671s] Level 1:colcon.colcon_core.environment:create_file_with_runtime_dependencies(/home/sacka/repositories/billy-agv/src/tutorial_interfaces/install/tutorial_interfaces/share/colcon-core/packages/tutorial_interfaces)
[1.764s] Level 1:colcon.colcon_core.environment:create_environment_scripts_only(tutorial_interfaces)
[1.768s] Level 1:colcon.colcon_core.environment:checking '/home/sacka/repositories/billy-agv/src/tutorial_interfaces/install/tutorial_interfaces' for CMake module files
[1.769s] Level 1:colcon.colcon_core.environment:checking '/home/sacka/repositories/billy-agv/src/tutorial_interfaces/install/tutorial_interfaces' for CMake config files
[1.769s] Level 1:colcon.colcon_core.shell:create_environment_hook('tutorial_interfaces', 'cmake_prefix_path')
[1.771s] INFO:colcon.colcon_core.shell:Creating environment hook '/home/sacka/repositories/billy-agv/src/tutorial_interfaces/install/tutorial_interfaces/share/tutorial_interfaces/hook/cmake_prefix_path.ps1'
[1.771s] INFO:colcon.colcon_core.shell:Creating environment descriptor '/home/sacka/repositories/billy-agv/src/tutorial_interfaces/install/tutorial_interfaces/share/tutorial_interfaces/hook/cmake_prefix_path.dsv'
[1.772s] INFO:colcon.colcon_core.shell:Creating environment hook '/home/sacka/repositories/billy-agv/src/tutorial_interfaces/install/tutorial_interfaces/share/tutorial_interfaces/hook/cmake_prefix_path.sh'
[1.773s] Level 1:colcon.colcon_core.environment:checking '/home/sacka/repositories/billy-agv/src/tutorial_interfaces/install/tutorial_interfaces/lib'
[1.773s] Level 1:colcon.colcon_core.shell:create_environment_hook('tutorial_interfaces', 'ld_library_path_lib')
[1.775s] INFO:colcon.colcon_core.shell:Creating environment hook '/home/sacka/repositories/billy-agv/src/tutorial_interfaces/install/tutorial_interfaces/share/tutorial_interfaces/hook/ld_library_path_lib.ps1'
[1.776s] INFO:colcon.colcon_core.shell:Creating environment descriptor '/home/sacka/repositories/billy-agv/src/tutorial_interfaces/install/tutorial_interfaces/share/tutorial_interfaces/hook/ld_library_path_lib.dsv'
[1.776s] INFO:colcon.colcon_core.shell:Creating environment hook '/home/sacka/repositories/billy-agv/src/tutorial_interfaces/install/tutorial_interfaces/share/tutorial_interfaces/hook/ld_library_path_lib.sh'
[1.777s] Level 1:colcon.colcon_core.environment:checking '/home/sacka/repositories/billy-agv/src/tutorial_interfaces/install/tutorial_interfaces/bin'
[1.777s] Level 1:colcon.colcon_core.environment:checking '/home/sacka/repositories/billy-agv/src/tutorial_interfaces/install/tutorial_interfaces/lib/pkgconfig/tutorial_interfaces.pc'
[1.777s] Level 1:colcon.colcon_core.environment:checking '/home/sacka/repositories/billy-agv/src/tutorial_interfaces/install/tutorial_interfaces/lib/python3.10/site-packages'
[1.777s] Level 1:colcon.colcon_core.environment:checking '/home/sacka/repositories/billy-agv/src/tutorial_interfaces/install/tutorial_interfaces/bin'
[1.781s] INFO:colcon.colcon_core.shell:Creating package script '/home/sacka/repositories/billy-agv/src/tutorial_interfaces/install/tutorial_interfaces/share/tutorial_interfaces/package.ps1'
[1.782s] INFO:colcon.colcon_core.shell:Creating package descriptor '/home/sacka/repositories/billy-agv/src/tutorial_interfaces/install/tutorial_interfaces/share/tutorial_interfaces/package.dsv'
[1.783s] INFO:colcon.colcon_core.shell:Creating package script '/home/sacka/repositories/billy-agv/src/tutorial_interfaces/install/tutorial_interfaces/share/tutorial_interfaces/package.sh'
[1.783s] INFO:colcon.colcon_core.shell:Creating package script '/home/sacka/repositories/billy-agv/src/tutorial_interfaces/install/tutorial_interfaces/share/tutorial_interfaces/package.bash'
[1.784s] INFO:colcon.colcon_core.shell:Creating package script '/home/sacka/repositories/billy-agv/src/tutorial_interfaces/install/tutorial_interfaces/share/tutorial_interfaces/package.zsh'
[1.784s] Level 1:colcon.colcon_core.environment:create_file_with_runtime_dependencies(/home/sacka/repositories/billy-agv/src/tutorial_interfaces/install/tutorial_interfaces/share/colcon-core/packages/tutorial_interfaces)
[1.785s] DEBUG:colcon.colcon_parallel_executor.executor.parallel:closing loop
[1.786s] DEBUG:colcon.colcon_parallel_executor.executor.parallel:loop closed
[1.786s] DEBUG:colcon.colcon_parallel_executor.executor.parallel:run_until_complete finished with '0'
[1.786s] DEBUG:colcon.colcon_core.event_reactor:joining thread
[1.949s] INFO:colcon.colcon_core.plugin_system:Skipping extension 'colcon_notification.desktop_notification.notify_send': Could not find 'notify-send'
[1.949s] INFO:colcon.colcon_core.plugin_system:Skipping extension 'colcon_notification.desktop_notification.terminal_notifier': Not used on non-Darwin systems
[1.949s] INFO:colcon.colcon_core.plugin_system:Skipping extension 'colcon_notification.desktop_notification.win32': Not used on non-Windows systems
[1.949s] INFO:colcon.colcon_notification.desktop_notification:Sending desktop notification using 'notify2'
[1.956s] DEBUG:colcon.colcon_notification.desktop_notification.notify2:Failed to initialize notify2: org.freedesktop.DBus.Error.ServiceUnknown: The name org.freedesktop.Notifications was not provided by any .service files
[1.956s] DEBUG:colcon.colcon_core.event_reactor:joined thread
[1.960s] INFO:colcon.colcon_core.shell:Creating prefix script '/home/sacka/repositories/billy-agv/src/tutorial_interfaces/install/local_setup.ps1'
[1.962s] INFO:colcon.colcon_core.shell:Creating prefix util module '/home/sacka/repositories/billy-agv/src/tutorial_interfaces/install/_local_setup_util_ps1.py'
[1.965s] INFO:colcon.colcon_core.shell:Creating prefix chain script '/home/sacka/repositories/billy-agv/src/tutorial_interfaces/install/setup.ps1'
[1.968s] INFO:colcon.colcon_core.shell:Creating prefix script '/home/sacka/repositories/billy-agv/src/tutorial_interfaces/install/local_setup.sh'
[1.969s] INFO:colcon.colcon_core.shell:Creating prefix util module '/home/sacka/repositories/billy-agv/src/tutorial_interfaces/install/_local_setup_util_sh.py'
[1.970s] INFO:colcon.colcon_core.shell:Creating prefix chain script '/home/sacka/repositories/billy-agv/src/tutorial_interfaces/install/setup.sh'
[1.972s] INFO:colcon.colcon_core.shell:Creating prefix script '/home/sacka/repositories/billy-agv/src/tutorial_interfaces/install/local_setup.bash'
[1.973s] INFO:colcon.colcon_core.shell:Creating prefix chain script '/home/sacka/repositories/billy-agv/src/tutorial_interfaces/install/setup.bash'
[1.975s] INFO:colcon.colcon_core.shell:Creating prefix script '/home/sacka/repositories/billy-agv/src/tutorial_interfaces/install/local_setup.zsh'
[1.976s] INFO:colcon.colcon_core.shell:Creating prefix chain script '/home/sacka/repositories/billy-agv/src/tutorial_interfaces/install/setup.zsh'
