[0.025s] Invoking command in '/home/sacka/repositories/billy-agv/src/tutorial_interfaces/build/tutorial_interfaces': CMAKE_PREFIX_PATH=${CMAKE_PREFIX_PATH}:/opt/ros/humble /usr/bin/cmake --build /home/sacka/repositories/billy-agv/src/tutorial_interfaces/build/tutorial_interfaces -- -j12 -l12
[0.075s] [35m[1mConsolidate compiler generated dependencies of target tutorial_interfaces__rosidl_generator_c[0m
[0.086s] [  2%] Built target tutorial_interfaces__cpp
[0.092s] [ 12%] Built target tutorial_interfaces__rosidl_generator_c
[0.098s] [ 12%] Built target ament_cmake_python_copy_tutorial_interfaces
[0.100s] [35m[1mConsolidate compiler generated dependencies of target tutorial_interfaces__rosidl_typesupport_fastrtps_cpp[0m
[0.102s] [35m[1mConsolidate compiler generated dependencies of target tutorial_interfaces__rosidl_typesupport_introspection_cpp[0m
[0.102s] [35m[1mConsolidate compiler generated dependencies of target tutorial_interfaces__rosidl_typesupport_cpp[0m
[0.106s] [35m[1mConsolidate compiler generated dependencies of target tutorial_interfaces__rosidl_typesupport_fastrtps_c[0m
[0.109s] [35m[1mConsolidate compiler generated dependencies of target tutorial_interfaces__rosidl_typesupport_c[0m
[0.109s] [35m[1mConsolidate compiler generated dependencies of target tutorial_interfaces__rosidl_typesupport_introspection_c[0m
[0.125s] [ 23%] Built target tutorial_interfaces__rosidl_typesupport_introspection_cpp
[0.127s] [ 34%] Built target tutorial_interfaces__rosidl_typesupport_fastrtps_cpp
[0.128s] [ 55%] Built target tutorial_interfaces__rosidl_typesupport_introspection_c
[0.128s] [ 55%] Built target tutorial_interfaces__rosidl_typesupport_cpp
[0.129s] [ 65%] Built target tutorial_interfaces__rosidl_typesupport_fastrtps_c
[0.129s] [ 76%] Built target tutorial_interfaces__rosidl_typesupport_c
[0.151s] [ 76%] Built target tutorial_interfaces
[0.169s] [ 78%] Built target tutorial_interfaces__py
[0.178s] [35m[1mConsolidate compiler generated dependencies of target tutorial_interfaces__rosidl_generator_py[0m
[0.192s] [ 87%] Built target tutorial_interfaces__rosidl_generator_py
[0.202s] [35m[1mConsolidate compiler generated dependencies of target tutorial_interfaces__rosidl_typesupport_c__pyext[0m
[0.203s] [35m[1mConsolidate compiler generated dependencies of target tutorial_interfaces__rosidl_typesupport_introspection_c__pyext[0m
[0.203s] [35m[1mConsolidate compiler generated dependencies of target tutorial_interfaces__rosidl_typesupport_fastrtps_c__pyext[0m
[0.219s] [ 95%] Built target tutorial_interfaces__rosidl_typesupport_introspection_c__pyext
[0.219s] [ 95%] Built target tutorial_interfaces__rosidl_typesupport_c__pyext
[0.219s] [100%] Built target tutorial_interfaces__rosidl_typesupport_fastrtps_c__pyext
[0.478s] running egg_info
[0.479s] writing tutorial_interfaces.egg-info/PKG-INFO
[0.480s] writing dependency_links to tutorial_interfaces.egg-info/dependency_links.txt
[0.480s] writing top-level names to tutorial_interfaces.egg-info/top_level.txt
[0.483s] reading manifest file 'tutorial_interfaces.egg-info/SOURCES.txt'
[0.483s] writing manifest file 'tutorial_interfaces.egg-info/SOURCES.txt'
[0.515s] [100%] Built target ament_cmake_python_build_tutorial_interfaces_egg
[0.528s] Invoked command in '/home/sacka/repositories/billy-agv/src/tutorial_interfaces/build/tutorial_interfaces' returned '0': CMAKE_PREFIX_PATH=${CMAKE_PREFIX_PATH}:/opt/ros/humble /usr/bin/cmake --build /home/sacka/repositories/billy-agv/src/tutorial_interfaces/build/tutorial_interfaces -- -j12 -l12
[0.636s] Invoking command in '/home/sacka/repositories/billy-agv/src/tutorial_interfaces/build/tutorial_interfaces': CMAKE_PREFIX_PATH=${CMAKE_PREFIX_PATH}:/opt/ros/humble /usr/bin/cmake --install /home/sacka/repositories/billy-agv/src/tutorial_interfaces/build/tutorial_interfaces
[0.643s] -- Install configuration: ""
[0.644s] -- Up-to-date: /home/sacka/repositories/billy-agv/src/tutorial_interfaces/install/tutorial_interfaces/share/ament_index/resource_index/rosidl_interfaces/tutorial_interfaces
[0.645s] -- Up-to-date: /home/sacka/repositories/billy-agv/src/tutorial_interfaces/install/tutorial_interfaces/include/tutorial_interfaces/tutorial_interfaces
[0.645s] -- Up-to-date: /home/sacka/repositories/billy-agv/src/tutorial_interfaces/install/tutorial_interfaces/include/tutorial_interfaces/tutorial_interfaces/srv
[0.645s] -- Up-to-date: /home/sacka/repositories/billy-agv/src/tutorial_interfaces/install/tutorial_interfaces/include/tutorial_interfaces/tutorial_interfaces/srv/detail
[0.646s] -- Up-to-date: /home/sacka/repositories/billy-agv/src/tutorial_interfaces/install/tutorial_interfaces/include/tutorial_interfaces/tutorial_interfaces/srv/detail/add_three_ints__type_support.h
[0.646s] -- Up-to-date: /home/sacka/repositories/billy-agv/src/tutorial_interfaces/install/tutorial_interfaces/include/tutorial_interfaces/tutorial_interfaces/srv/detail/add_three_ints__struct.h
[0.646s] -- Up-to-date: /home/sacka/repositories/billy-agv/src/tutorial_interfaces/install/tutorial_interfaces/include/tutorial_interfaces/tutorial_interfaces/srv/detail/add_three_ints__functions.c
[0.647s] -- Up-to-date: /home/sacka/repositories/billy-agv/src/tutorial_interfaces/install/tutorial_interfaces/include/tutorial_interfaces/tutorial_interfaces/srv/detail/add_three_ints__functions.h
[0.647s] -- Up-to-date: /home/sacka/repositories/billy-agv/src/tutorial_interfaces/install/tutorial_interfaces/include/tutorial_interfaces/tutorial_interfaces/srv/add_three_ints.h
[0.648s] -- Up-to-date: /home/sacka/repositories/billy-agv/src/tutorial_interfaces/install/tutorial_interfaces/include/tutorial_interfaces/tutorial_interfaces/msg
[0.648s] -- Up-to-date: /home/sacka/repositories/billy-agv/src/tutorial_interfaces/install/tutorial_interfaces/include/tutorial_interfaces/tutorial_interfaces/msg/rosidl_generator_c__visibility_control.h
[0.648s] -- Up-to-date: /home/sacka/repositories/billy-agv/src/tutorial_interfaces/install/tutorial_interfaces/include/tutorial_interfaces/tutorial_interfaces/msg/detail
[0.649s] -- Up-to-date: /home/sacka/repositories/billy-agv/src/tutorial_interfaces/install/tutorial_interfaces/include/tutorial_interfaces/tutorial_interfaces/msg/detail/num__type_support.h
[0.649s] -- Up-to-date: /home/sacka/repositories/billy-agv/src/tutorial_interfaces/install/tutorial_interfaces/include/tutorial_interfaces/tutorial_interfaces/msg/detail/sphere__struct.h
[0.649s] -- Up-to-date: /home/sacka/repositories/billy-agv/src/tutorial_interfaces/install/tutorial_interfaces/include/tutorial_interfaces/tutorial_interfaces/msg/detail/sphere__functions.h
[0.650s] -- Up-to-date: /home/sacka/repositories/billy-agv/src/tutorial_interfaces/install/tutorial_interfaces/include/tutorial_interfaces/tutorial_interfaces/msg/detail/sphere__functions.c
[0.650s] -- Up-to-date: /home/sacka/repositories/billy-agv/src/tutorial_interfaces/install/tutorial_interfaces/include/tutorial_interfaces/tutorial_interfaces/msg/detail/num__functions.h
[0.650s] -- Up-to-date: /home/sacka/repositories/billy-agv/src/tutorial_interfaces/install/tutorial_interfaces/include/tutorial_interfaces/tutorial_interfaces/msg/detail/num__struct.h
[0.651s] -- Up-to-date: /home/sacka/repositories/billy-agv/src/tutorial_interfaces/install/tutorial_interfaces/include/tutorial_interfaces/tutorial_interfaces/msg/detail/sphere__type_support.h
[0.651s] -- Up-to-date: /home/sacka/repositories/billy-agv/src/tutorial_interfaces/install/tutorial_interfaces/include/tutorial_interfaces/tutorial_interfaces/msg/detail/num__functions.c
[0.651s] -- Up-to-date: /home/sacka/repositories/billy-agv/src/tutorial_interfaces/install/tutorial_interfaces/include/tutorial_interfaces/tutorial_interfaces/msg/sphere.h
[0.652s] -- Up-to-date: /home/sacka/repositories/billy-agv/src/tutorial_interfaces/install/tutorial_interfaces/include/tutorial_interfaces/tutorial_interfaces/msg/num.h
[0.652s] -- Up-to-date: /home/sacka/repositories/billy-agv/src/tutorial_interfaces/install/tutorial_interfaces/share/tutorial_interfaces/environment/library_path.sh
[0.653s] -- Up-to-date: /home/sacka/repositories/billy-agv/src/tutorial_interfaces/install/tutorial_interfaces/share/tutorial_interfaces/environment/library_path.dsv
[0.653s] -- Up-to-date: /home/sacka/repositories/billy-agv/src/tutorial_interfaces/install/tutorial_interfaces/lib/libtutorial_interfaces__rosidl_generator_c.so
[0.653s] -- Up-to-date: /home/sacka/repositories/billy-agv/src/tutorial_interfaces/install/tutorial_interfaces/include/tutorial_interfaces/tutorial_interfaces
[0.653s] -- Up-to-date: /home/sacka/repositories/billy-agv/src/tutorial_interfaces/install/tutorial_interfaces/include/tutorial_interfaces/tutorial_interfaces/srv
[0.654s] -- Up-to-date: /home/sacka/repositories/billy-agv/src/tutorial_interfaces/install/tutorial_interfaces/include/tutorial_interfaces/tutorial_interfaces/srv/detail
[0.654s] -- Up-to-date: /home/sacka/repositories/billy-agv/src/tutorial_interfaces/install/tutorial_interfaces/include/tutorial_interfaces/tutorial_interfaces/srv/detail/add_three_ints__rosidl_typesupport_fastrtps_c.h
[0.654s] -- Up-to-date: /home/sacka/repositories/billy-agv/src/tutorial_interfaces/install/tutorial_interfaces/include/tutorial_interfaces/tutorial_interfaces/msg
[0.654s] -- Up-to-date: /home/sacka/repositories/billy-agv/src/tutorial_interfaces/install/tutorial_interfaces/include/tutorial_interfaces/tutorial_interfaces/msg/rosidl_typesupport_fastrtps_c__visibility_control.h
[0.655s] -- Up-to-date: /home/sacka/repositories/billy-agv/src/tutorial_interfaces/install/tutorial_interfaces/include/tutorial_interfaces/tutorial_interfaces/msg/detail
[0.655s] -- Up-to-date: /home/sacka/repositories/billy-agv/src/tutorial_interfaces/install/tutorial_interfaces/include/tutorial_interfaces/tutorial_interfaces/msg/detail/num__rosidl_typesupport_fastrtps_c.h
[0.656s] -- Up-to-date: /home/sacka/repositories/billy-agv/src/tutorial_interfaces/install/tutorial_interfaces/include/tutorial_interfaces/tutorial_interfaces/msg/detail/sphere__rosidl_typesupport_fastrtps_c.h
[0.656s] -- Up-to-date: /home/sacka/repositories/billy-agv/src/tutorial_interfaces/install/tutorial_interfaces/lib/libtutorial_interfaces__rosidl_typesupport_fastrtps_c.so
[0.656s] -- Up-to-date: /home/sacka/repositories/billy-agv/src/tutorial_interfaces/install/tutorial_interfaces/include/tutorial_interfaces/tutorial_interfaces
[0.657s] -- Up-to-date: /home/sacka/repositories/billy-agv/src/tutorial_interfaces/install/tutorial_interfaces/include/tutorial_interfaces/tutorial_interfaces/srv
[0.657s] -- Up-to-date: /home/sacka/repositories/billy-agv/src/tutorial_interfaces/install/tutorial_interfaces/include/tutorial_interfaces/tutorial_interfaces/srv/detail
[0.657s] -- Up-to-date: /home/sacka/repositories/billy-agv/src/tutorial_interfaces/install/tutorial_interfaces/include/tutorial_interfaces/tutorial_interfaces/srv/detail/add_three_ints__builder.hpp
[0.657s] -- Up-to-date: /home/sacka/repositories/billy-agv/src/tutorial_interfaces/install/tutorial_interfaces/include/tutorial_interfaces/tutorial_interfaces/srv/detail/add_three_ints__struct.hpp
[0.658s] -- Up-to-date: /home/sacka/repositories/billy-agv/src/tutorial_interfaces/install/tutorial_interfaces/include/tutorial_interfaces/tutorial_interfaces/srv/detail/add_three_ints__traits.hpp
[0.658s] -- Up-to-date: /home/sacka/repositories/billy-agv/src/tutorial_interfaces/install/tutorial_interfaces/include/tutorial_interfaces/tutorial_interfaces/srv/add_three_ints.hpp
[0.658s] -- Up-to-date: /home/sacka/repositories/billy-agv/src/tutorial_interfaces/install/tutorial_interfaces/include/tutorial_interfaces/tutorial_interfaces/msg
[0.658s] -- Up-to-date: /home/sacka/repositories/billy-agv/src/tutorial_interfaces/install/tutorial_interfaces/include/tutorial_interfaces/tutorial_interfaces/msg/detail
[0.659s] -- Up-to-date: /home/sacka/repositories/billy-agv/src/tutorial_interfaces/install/tutorial_interfaces/include/tutorial_interfaces/tutorial_interfaces/msg/detail/num__struct.hpp
[0.659s] -- Up-to-date: /home/sacka/repositories/billy-agv/src/tutorial_interfaces/install/tutorial_interfaces/include/tutorial_interfaces/tutorial_interfaces/msg/detail/sphere__builder.hpp
[0.659s] -- Up-to-date: /home/sacka/repositories/billy-agv/src/tutorial_interfaces/install/tutorial_interfaces/include/tutorial_interfaces/tutorial_interfaces/msg/detail/num__traits.hpp
[0.659s] -- Up-to-date: /home/sacka/repositories/billy-agv/src/tutorial_interfaces/install/tutorial_interfaces/include/tutorial_interfaces/tutorial_interfaces/msg/detail/sphere__struct.hpp
[0.660s] -- Up-to-date: /home/sacka/repositories/billy-agv/src/tutorial_interfaces/install/tutorial_interfaces/include/tutorial_interfaces/tutorial_interfaces/msg/detail/num__builder.hpp
[0.660s] -- Up-to-date: /home/sacka/repositories/billy-agv/src/tutorial_interfaces/install/tutorial_interfaces/include/tutorial_interfaces/tutorial_interfaces/msg/detail/sphere__traits.hpp
[0.660s] -- Up-to-date: /home/sacka/repositories/billy-agv/src/tutorial_interfaces/install/tutorial_interfaces/include/tutorial_interfaces/tutorial_interfaces/msg/sphere.hpp
[0.661s] -- Up-to-date: /home/sacka/repositories/billy-agv/src/tutorial_interfaces/install/tutorial_interfaces/include/tutorial_interfaces/tutorial_interfaces/msg/num.hpp
[0.661s] -- Up-to-date: /home/sacka/repositories/billy-agv/src/tutorial_interfaces/install/tutorial_interfaces/include/tutorial_interfaces/tutorial_interfaces
[0.661s] -- Up-to-date: /home/sacka/repositories/billy-agv/src/tutorial_interfaces/install/tutorial_interfaces/include/tutorial_interfaces/tutorial_interfaces/srv
[0.662s] -- Up-to-date: /home/sacka/repositories/billy-agv/src/tutorial_interfaces/install/tutorial_interfaces/include/tutorial_interfaces/tutorial_interfaces/srv/detail
[0.662s] -- Up-to-date: /home/sacka/repositories/billy-agv/src/tutorial_interfaces/install/tutorial_interfaces/include/tutorial_interfaces/tutorial_interfaces/srv/detail/add_three_ints__rosidl_typesupport_fastrtps_cpp.hpp
[0.662s] -- Up-to-date: /home/sacka/repositories/billy-agv/src/tutorial_interfaces/install/tutorial_interfaces/include/tutorial_interfaces/tutorial_interfaces/srv/detail/dds_fastrtps
[0.663s] -- Up-to-date: /home/sacka/repositories/billy-agv/src/tutorial_interfaces/install/tutorial_interfaces/include/tutorial_interfaces/tutorial_interfaces/msg
[0.663s] -- Up-to-date: /home/sacka/repositories/billy-agv/src/tutorial_interfaces/install/tutorial_interfaces/include/tutorial_interfaces/tutorial_interfaces/msg/rosidl_typesupport_fastrtps_cpp__visibility_control.h
[0.663s] -- Up-to-date: /home/sacka/repositories/billy-agv/src/tutorial_interfaces/install/tutorial_interfaces/include/tutorial_interfaces/tutorial_interfaces/msg/detail
[0.663s] -- Up-to-date: /home/sacka/repositories/billy-agv/src/tutorial_interfaces/install/tutorial_interfaces/include/tutorial_interfaces/tutorial_interfaces/msg/detail/dds_fastrtps
[0.663s] -- Up-to-date: /home/sacka/repositories/billy-agv/src/tutorial_interfaces/install/tutorial_interfaces/include/tutorial_interfaces/tutorial_interfaces/msg/detail/sphere__rosidl_typesupport_fastrtps_cpp.hpp
[0.664s] -- Up-to-date: /home/sacka/repositories/billy-agv/src/tutorial_interfaces/install/tutorial_interfaces/include/tutorial_interfaces/tutorial_interfaces/msg/detail/num__rosidl_typesupport_fastrtps_cpp.hpp
[0.664s] -- Up-to-date: /home/sacka/repositories/billy-agv/src/tutorial_interfaces/install/tutorial_interfaces/lib/libtutorial_interfaces__rosidl_typesupport_fastrtps_cpp.so
[0.664s] -- Up-to-date: /home/sacka/repositories/billy-agv/src/tutorial_interfaces/install/tutorial_interfaces/include/tutorial_interfaces/tutorial_interfaces
[0.665s] -- Up-to-date: /home/sacka/repositories/billy-agv/src/tutorial_interfaces/install/tutorial_interfaces/include/tutorial_interfaces/tutorial_interfaces/srv
[0.665s] -- Up-to-date: /home/sacka/repositories/billy-agv/src/tutorial_interfaces/install/tutorial_interfaces/include/tutorial_interfaces/tutorial_interfaces/srv/detail
[0.665s] -- Up-to-date: /home/sacka/repositories/billy-agv/src/tutorial_interfaces/install/tutorial_interfaces/include/tutorial_interfaces/tutorial_interfaces/srv/detail/add_three_ints__type_support.c
[0.666s] -- Up-to-date: /home/sacka/repositories/billy-agv/src/tutorial_interfaces/install/tutorial_interfaces/include/tutorial_interfaces/tutorial_interfaces/srv/detail/add_three_ints__rosidl_typesupport_introspection_c.h
[0.666s] -- Up-to-date: /home/sacka/repositories/billy-agv/src/tutorial_interfaces/install/tutorial_interfaces/include/tutorial_interfaces/tutorial_interfaces/msg
[0.666s] -- Up-to-date: /home/sacka/repositories/billy-agv/src/tutorial_interfaces/install/tutorial_interfaces/include/tutorial_interfaces/tutorial_interfaces/msg/rosidl_typesupport_introspection_c__visibility_control.h
[0.666s] -- Up-to-date: /home/sacka/repositories/billy-agv/src/tutorial_interfaces/install/tutorial_interfaces/include/tutorial_interfaces/tutorial_interfaces/msg/detail
[0.667s] -- Up-to-date: /home/sacka/repositories/billy-agv/src/tutorial_interfaces/install/tutorial_interfaces/include/tutorial_interfaces/tutorial_interfaces/msg/detail/num__type_support.c
[0.667s] -- Up-to-date: /home/sacka/repositories/billy-agv/src/tutorial_interfaces/install/tutorial_interfaces/include/tutorial_interfaces/tutorial_interfaces/msg/detail/sphere__rosidl_typesupport_introspection_c.h
[0.667s] -- Up-to-date: /home/sacka/repositories/billy-agv/src/tutorial_interfaces/install/tutorial_interfaces/include/tutorial_interfaces/tutorial_interfaces/msg/detail/sphere__type_support.c
[0.667s] -- Up-to-date: /home/sacka/repositories/billy-agv/src/tutorial_interfaces/install/tutorial_interfaces/include/tutorial_interfaces/tutorial_interfaces/msg/detail/num__rosidl_typesupport_introspection_c.h
[0.668s] -- Up-to-date: /home/sacka/repositories/billy-agv/src/tutorial_interfaces/install/tutorial_interfaces/lib/libtutorial_interfaces__rosidl_typesupport_introspection_c.so
[0.668s] -- Up-to-date: /home/sacka/repositories/billy-agv/src/tutorial_interfaces/install/tutorial_interfaces/lib/libtutorial_interfaces__rosidl_typesupport_c.so
[0.668s] -- Up-to-date: /home/sacka/repositories/billy-agv/src/tutorial_interfaces/install/tutorial_interfaces/include/tutorial_interfaces/tutorial_interfaces
[0.669s] -- Up-to-date: /home/sacka/repositories/billy-agv/src/tutorial_interfaces/install/tutorial_interfaces/include/tutorial_interfaces/tutorial_interfaces/srv
[0.669s] -- Up-to-date: /home/sacka/repositories/billy-agv/src/tutorial_interfaces/install/tutorial_interfaces/include/tutorial_interfaces/tutorial_interfaces/srv/detail
[0.669s] -- Up-to-date: /home/sacka/repositories/billy-agv/src/tutorial_interfaces/install/tutorial_interfaces/include/tutorial_interfaces/tutorial_interfaces/srv/detail/add_three_ints__type_support.cpp
[0.669s] -- Up-to-date: /home/sacka/repositories/billy-agv/src/tutorial_interfaces/install/tutorial_interfaces/include/tutorial_interfaces/tutorial_interfaces/srv/detail/add_three_ints__rosidl_typesupport_introspection_cpp.hpp
[0.670s] -- Up-to-date: /home/sacka/repositories/billy-agv/src/tutorial_interfaces/install/tutorial_interfaces/include/tutorial_interfaces/tutorial_interfaces/msg
[0.670s] -- Up-to-date: /home/sacka/repositories/billy-agv/src/tutorial_interfaces/install/tutorial_interfaces/include/tutorial_interfaces/tutorial_interfaces/msg/detail
[0.670s] -- Up-to-date: /home/sacka/repositories/billy-agv/src/tutorial_interfaces/install/tutorial_interfaces/include/tutorial_interfaces/tutorial_interfaces/msg/detail/num__type_support.cpp
[0.670s] -- Up-to-date: /home/sacka/repositories/billy-agv/src/tutorial_interfaces/install/tutorial_interfaces/include/tutorial_interfaces/tutorial_interfaces/msg/detail/sphere__type_support.cpp
[0.671s] -- Up-to-date: /home/sacka/repositories/billy-agv/src/tutorial_interfaces/install/tutorial_interfaces/include/tutorial_interfaces/tutorial_interfaces/msg/detail/sphere__rosidl_typesupport_introspection_cpp.hpp
[0.671s] -- Up-to-date: /home/sacka/repositories/billy-agv/src/tutorial_interfaces/install/tutorial_interfaces/include/tutorial_interfaces/tutorial_interfaces/msg/detail/num__rosidl_typesupport_introspection_cpp.hpp
[0.671s] -- Up-to-date: /home/sacka/repositories/billy-agv/src/tutorial_interfaces/install/tutorial_interfaces/lib/libtutorial_interfaces__rosidl_typesupport_introspection_cpp.so
[0.671s] -- Up-to-date: /home/sacka/repositories/billy-agv/src/tutorial_interfaces/install/tutorial_interfaces/lib/libtutorial_interfaces__rosidl_typesupport_cpp.so
[0.671s] -- Up-to-date: /home/sacka/repositories/billy-agv/src/tutorial_interfaces/install/tutorial_interfaces/share/tutorial_interfaces/environment/pythonpath.sh
[0.672s] -- Up-to-date: /home/sacka/repositories/billy-agv/src/tutorial_interfaces/install/tutorial_interfaces/share/tutorial_interfaces/environment/pythonpath.dsv
[0.672s] -- Up-to-date: /home/sacka/repositories/billy-agv/src/tutorial_interfaces/install/tutorial_interfaces/local/lib/python3.10/dist-packages/tutorial_interfaces-0.0.0-py3.10.egg-info
[0.672s] -- Installing: /home/sacka/repositories/billy-agv/src/tutorial_interfaces/install/tutorial_interfaces/local/lib/python3.10/dist-packages/tutorial_interfaces-0.0.0-py3.10.egg-info/dependency_links.txt
[0.672s] -- Installing: /home/sacka/repositories/billy-agv/src/tutorial_interfaces/install/tutorial_interfaces/local/lib/python3.10/dist-packages/tutorial_interfaces-0.0.0-py3.10.egg-info/top_level.txt
[0.672s] -- Installing: /home/sacka/repositories/billy-agv/src/tutorial_interfaces/install/tutorial_interfaces/local/lib/python3.10/dist-packages/tutorial_interfaces-0.0.0-py3.10.egg-info/PKG-INFO
[0.672s] -- Installing: /home/sacka/repositories/billy-agv/src/tutorial_interfaces/install/tutorial_interfaces/local/lib/python3.10/dist-packages/tutorial_interfaces-0.0.0-py3.10.egg-info/SOURCES.txt
[0.672s] -- Up-to-date: /home/sacka/repositories/billy-agv/src/tutorial_interfaces/install/tutorial_interfaces/local/lib/python3.10/dist-packages/tutorial_interfaces
[0.673s] -- Up-to-date: /home/sacka/repositories/billy-agv/src/tutorial_interfaces/install/tutorial_interfaces/local/lib/python3.10/dist-packages/tutorial_interfaces/_tutorial_interfaces_s.ep.rosidl_typesupport_introspection_c.c
[0.673s] -- Up-to-date: /home/sacka/repositories/billy-agv/src/tutorial_interfaces/install/tutorial_interfaces/local/lib/python3.10/dist-packages/tutorial_interfaces/libtutorial_interfaces__rosidl_generator_py.so
[0.673s] -- Up-to-date: /home/sacka/repositories/billy-agv/src/tutorial_interfaces/install/tutorial_interfaces/local/lib/python3.10/dist-packages/tutorial_interfaces/__init__.py
[0.673s] -- Up-to-date: /home/sacka/repositories/billy-agv/src/tutorial_interfaces/install/tutorial_interfaces/local/lib/python3.10/dist-packages/tutorial_interfaces/_tutorial_interfaces_s.ep.rosidl_typesupport_c.c
[0.673s] -- Up-to-date: /home/sacka/repositories/billy-agv/src/tutorial_interfaces/install/tutorial_interfaces/local/lib/python3.10/dist-packages/tutorial_interfaces/tutorial_interfaces_s__rosidl_typesupport_c.cpython-310-x86_64-linux-gnu.so
[0.673s] -- Up-to-date: /home/sacka/repositories/billy-agv/src/tutorial_interfaces/install/tutorial_interfaces/local/lib/python3.10/dist-packages/tutorial_interfaces/tutorial_interfaces_s__rosidl_typesupport_fastrtps_c.cpython-310-x86_64-linux-gnu.so
[0.673s] -- Up-to-date: /home/sacka/repositories/billy-agv/src/tutorial_interfaces/install/tutorial_interfaces/local/lib/python3.10/dist-packages/tutorial_interfaces/_tutorial_interfaces_s.ep.rosidl_typesupport_fastrtps_c.c
[0.674s] -- Up-to-date: /home/sacka/repositories/billy-agv/src/tutorial_interfaces/install/tutorial_interfaces/local/lib/python3.10/dist-packages/tutorial_interfaces/srv
[0.674s] -- Up-to-date: /home/sacka/repositories/billy-agv/src/tutorial_interfaces/install/tutorial_interfaces/local/lib/python3.10/dist-packages/tutorial_interfaces/srv/__init__.py
[0.674s] -- Up-to-date: /home/sacka/repositories/billy-agv/src/tutorial_interfaces/install/tutorial_interfaces/local/lib/python3.10/dist-packages/tutorial_interfaces/srv/_add_three_ints_s.c
[0.674s] -- Up-to-date: /home/sacka/repositories/billy-agv/src/tutorial_interfaces/install/tutorial_interfaces/local/lib/python3.10/dist-packages/tutorial_interfaces/srv/_add_three_ints.py
[0.674s] -- Up-to-date: /home/sacka/repositories/billy-agv/src/tutorial_interfaces/install/tutorial_interfaces/local/lib/python3.10/dist-packages/tutorial_interfaces/tutorial_interfaces_s__rosidl_typesupport_introspection_c.cpython-310-x86_64-linux-gnu.so
[0.674s] -- Up-to-date: /home/sacka/repositories/billy-agv/src/tutorial_interfaces/install/tutorial_interfaces/local/lib/python3.10/dist-packages/tutorial_interfaces/msg
[0.675s] -- Up-to-date: /home/sacka/repositories/billy-agv/src/tutorial_interfaces/install/tutorial_interfaces/local/lib/python3.10/dist-packages/tutorial_interfaces/msg/_sphere.py
[0.675s] -- Up-to-date: /home/sacka/repositories/billy-agv/src/tutorial_interfaces/install/tutorial_interfaces/local/lib/python3.10/dist-packages/tutorial_interfaces/msg/_sphere_s.c
[0.675s] -- Up-to-date: /home/sacka/repositories/billy-agv/src/tutorial_interfaces/install/tutorial_interfaces/local/lib/python3.10/dist-packages/tutorial_interfaces/msg/__init__.py
[0.675s] -- Up-to-date: /home/sacka/repositories/billy-agv/src/tutorial_interfaces/install/tutorial_interfaces/local/lib/python3.10/dist-packages/tutorial_interfaces/msg/_num.py
[0.675s] -- Up-to-date: /home/sacka/repositories/billy-agv/src/tutorial_interfaces/install/tutorial_interfaces/local/lib/python3.10/dist-packages/tutorial_interfaces/msg/_num_s.c
[0.700s] Listing '/home/sacka/repositories/billy-agv/src/tutorial_interfaces/install/tutorial_interfaces/local/lib/python3.10/dist-packages/tutorial_interfaces'...
[0.701s] Listing '/home/sacka/repositories/billy-agv/src/tutorial_interfaces/install/tutorial_interfaces/local/lib/python3.10/dist-packages/tutorial_interfaces/msg'...
[0.701s] Listing '/home/sacka/repositories/billy-agv/src/tutorial_interfaces/install/tutorial_interfaces/local/lib/python3.10/dist-packages/tutorial_interfaces/srv'...
[0.707s] -- Up-to-date: /home/sacka/repositories/billy-agv/src/tutorial_interfaces/install/tutorial_interfaces/local/lib/python3.10/dist-packages/tutorial_interfaces/tutorial_interfaces_s__rosidl_typesupport_fastrtps_c.cpython-310-x86_64-linux-gnu.so
[0.707s] -- Up-to-date: /home/sacka/repositories/billy-agv/src/tutorial_interfaces/install/tutorial_interfaces/local/lib/python3.10/dist-packages/tutorial_interfaces/tutorial_interfaces_s__rosidl_typesupport_introspection_c.cpython-310-x86_64-linux-gnu.so
[0.708s] -- Up-to-date: /home/sacka/repositories/billy-agv/src/tutorial_interfaces/install/tutorial_interfaces/local/lib/python3.10/dist-packages/tutorial_interfaces/tutorial_interfaces_s__rosidl_typesupport_c.cpython-310-x86_64-linux-gnu.so
[0.708s] -- Up-to-date: /home/sacka/repositories/billy-agv/src/tutorial_interfaces/install/tutorial_interfaces/lib/libtutorial_interfaces__rosidl_generator_py.so
[0.709s] -- Up-to-date: /home/sacka/repositories/billy-agv/src/tutorial_interfaces/install/tutorial_interfaces/share/tutorial_interfaces/msg/Num.idl
[0.709s] -- Up-to-date: /home/sacka/repositories/billy-agv/src/tutorial_interfaces/install/tutorial_interfaces/share/tutorial_interfaces/msg/Sphere.idl
[0.710s] -- Up-to-date: /home/sacka/repositories/billy-agv/src/tutorial_interfaces/install/tutorial_interfaces/share/tutorial_interfaces/srv/AddThreeInts.idl
[0.710s] -- Up-to-date: /home/sacka/repositories/billy-agv/src/tutorial_interfaces/install/tutorial_interfaces/share/tutorial_interfaces/msg/Num.msg
[0.710s] -- Up-to-date: /home/sacka/repositories/billy-agv/src/tutorial_interfaces/install/tutorial_interfaces/share/tutorial_interfaces/msg/Sphere.msg
[0.711s] -- Up-to-date: /home/sacka/repositories/billy-agv/src/tutorial_interfaces/install/tutorial_interfaces/share/tutorial_interfaces/srv/AddThreeInts.srv
[0.711s] -- Up-to-date: /home/sacka/repositories/billy-agv/src/tutorial_interfaces/install/tutorial_interfaces/share/tutorial_interfaces/srv/AddThreeInts_Request.msg
[0.711s] -- Up-to-date: /home/sacka/repositories/billy-agv/src/tutorial_interfaces/install/tutorial_interfaces/share/tutorial_interfaces/srv/AddThreeInts_Response.msg
[0.712s] -- Up-to-date: /home/sacka/repositories/billy-agv/src/tutorial_interfaces/install/tutorial_interfaces/share/ament_index/resource_index/package_run_dependencies/tutorial_interfaces
[0.712s] -- Up-to-date: /home/sacka/repositories/billy-agv/src/tutorial_interfaces/install/tutorial_interfaces/share/ament_index/resource_index/parent_prefix_path/tutorial_interfaces
[0.712s] -- Up-to-date: /home/sacka/repositories/billy-agv/src/tutorial_interfaces/install/tutorial_interfaces/share/tutorial_interfaces/environment/ament_prefix_path.sh
[0.712s] -- Up-to-date: /home/sacka/repositories/billy-agv/src/tutorial_interfaces/install/tutorial_interfaces/share/tutorial_interfaces/environment/ament_prefix_path.dsv
[0.712s] -- Up-to-date: /home/sacka/repositories/billy-agv/src/tutorial_interfaces/install/tutorial_interfaces/share/tutorial_interfaces/environment/path.sh
[0.713s] -- Up-to-date: /home/sacka/repositories/billy-agv/src/tutorial_interfaces/install/tutorial_interfaces/share/tutorial_interfaces/environment/path.dsv
[0.713s] -- Up-to-date: /home/sacka/repositories/billy-agv/src/tutorial_interfaces/install/tutorial_interfaces/share/tutorial_interfaces/local_setup.bash
[0.713s] -- Up-to-date: /home/sacka/repositories/billy-agv/src/tutorial_interfaces/install/tutorial_interfaces/share/tutorial_interfaces/local_setup.sh
[0.713s] -- Up-to-date: /home/sacka/repositories/billy-agv/src/tutorial_interfaces/install/tutorial_interfaces/share/tutorial_interfaces/local_setup.zsh
[0.713s] -- Up-to-date: /home/sacka/repositories/billy-agv/src/tutorial_interfaces/install/tutorial_interfaces/share/tutorial_interfaces/local_setup.dsv
[0.714s] -- Installing: /home/sacka/repositories/billy-agv/src/tutorial_interfaces/install/tutorial_interfaces/share/tutorial_interfaces/package.dsv
[0.714s] -- Up-to-date: /home/sacka/repositories/billy-agv/src/tutorial_interfaces/install/tutorial_interfaces/share/ament_index/resource_index/packages/tutorial_interfaces
[0.714s] -- Up-to-date: /home/sacka/repositories/billy-agv/src/tutorial_interfaces/install/tutorial_interfaces/share/tutorial_interfaces/cmake/export_tutorial_interfaces__rosidl_generator_cExport.cmake
[0.715s] -- Up-to-date: /home/sacka/repositories/billy-agv/src/tutorial_interfaces/install/tutorial_interfaces/share/tutorial_interfaces/cmake/export_tutorial_interfaces__rosidl_generator_cExport-noconfig.cmake
[0.715s] -- Up-to-date: /home/sacka/repositories/billy-agv/src/tutorial_interfaces/install/tutorial_interfaces/share/tutorial_interfaces/cmake/export_tutorial_interfaces__rosidl_typesupport_fastrtps_cExport.cmake
[0.715s] -- Up-to-date: /home/sacka/repositories/billy-agv/src/tutorial_interfaces/install/tutorial_interfaces/share/tutorial_interfaces/cmake/export_tutorial_interfaces__rosidl_typesupport_fastrtps_cExport-noconfig.cmake
[0.716s] -- Up-to-date: /home/sacka/repositories/billy-agv/src/tutorial_interfaces/install/tutorial_interfaces/share/tutorial_interfaces/cmake/export_tutorial_interfaces__rosidl_generator_cppExport.cmake
[0.716s] -- Up-to-date: /home/sacka/repositories/billy-agv/src/tutorial_interfaces/install/tutorial_interfaces/share/tutorial_interfaces/cmake/export_tutorial_interfaces__rosidl_typesupport_fastrtps_cppExport.cmake
[0.716s] -- Up-to-date: /home/sacka/repositories/billy-agv/src/tutorial_interfaces/install/tutorial_interfaces/share/tutorial_interfaces/cmake/export_tutorial_interfaces__rosidl_typesupport_fastrtps_cppExport-noconfig.cmake
[0.716s] -- Up-to-date: /home/sacka/repositories/billy-agv/src/tutorial_interfaces/install/tutorial_interfaces/share/tutorial_interfaces/cmake/tutorial_interfaces__rosidl_typesupport_introspection_cExport.cmake
[0.716s] -- Up-to-date: /home/sacka/repositories/billy-agv/src/tutorial_interfaces/install/tutorial_interfaces/share/tutorial_interfaces/cmake/tutorial_interfaces__rosidl_typesupport_introspection_cExport-noconfig.cmake
[0.716s] -- Up-to-date: /home/sacka/repositories/billy-agv/src/tutorial_interfaces/install/tutorial_interfaces/share/tutorial_interfaces/cmake/tutorial_interfaces__rosidl_typesupport_cExport.cmake
[0.717s] -- Up-to-date: /home/sacka/repositories/billy-agv/src/tutorial_interfaces/install/tutorial_interfaces/share/tutorial_interfaces/cmake/tutorial_interfaces__rosidl_typesupport_cExport-noconfig.cmake
[0.717s] -- Up-to-date: /home/sacka/repositories/billy-agv/src/tutorial_interfaces/install/tutorial_interfaces/share/tutorial_interfaces/cmake/tutorial_interfaces__rosidl_typesupport_introspection_cppExport.cmake
[0.717s] -- Up-to-date: /home/sacka/repositories/billy-agv/src/tutorial_interfaces/install/tutorial_interfaces/share/tutorial_interfaces/cmake/tutorial_interfaces__rosidl_typesupport_introspection_cppExport-noconfig.cmake
[0.717s] -- Up-to-date: /home/sacka/repositories/billy-agv/src/tutorial_interfaces/install/tutorial_interfaces/share/tutorial_interfaces/cmake/tutorial_interfaces__rosidl_typesupport_cppExport.cmake
[0.718s] -- Up-to-date: /home/sacka/repositories/billy-agv/src/tutorial_interfaces/install/tutorial_interfaces/share/tutorial_interfaces/cmake/tutorial_interfaces__rosidl_typesupport_cppExport-noconfig.cmake
[0.718s] -- Up-to-date: /home/sacka/repositories/billy-agv/src/tutorial_interfaces/install/tutorial_interfaces/share/tutorial_interfaces/cmake/export_tutorial_interfaces__rosidl_generator_pyExport.cmake
[0.720s] -- Up-to-date: /home/sacka/repositories/billy-agv/src/tutorial_interfaces/install/tutorial_interfaces/share/tutorial_interfaces/cmake/export_tutorial_interfaces__rosidl_generator_pyExport-noconfig.cmake
[0.720s] -- Up-to-date: /home/sacka/repositories/billy-agv/src/tutorial_interfaces/install/tutorial_interfaces/share/tutorial_interfaces/cmake/rosidl_cmake-extras.cmake
[0.723s] -- Up-to-date: /home/sacka/repositories/billy-agv/src/tutorial_interfaces/install/tutorial_interfaces/share/tutorial_interfaces/cmake/ament_cmake_export_dependencies-extras.cmake
[0.723s] -- Up-to-date: /home/sacka/repositories/billy-agv/src/tutorial_interfaces/install/tutorial_interfaces/share/tutorial_interfaces/cmake/ament_cmake_export_include_directories-extras.cmake
[0.724s] -- Up-to-date: /home/sacka/repositories/billy-agv/src/tutorial_interfaces/install/tutorial_interfaces/share/tutorial_interfaces/cmake/ament_cmake_export_libraries-extras.cmake
[0.726s] -- Up-to-date: /home/sacka/repositories/billy-agv/src/tutorial_interfaces/install/tutorial_interfaces/share/tutorial_interfaces/cmake/ament_cmake_export_targets-extras.cmake
[0.726s] -- Up-to-date: /home/sacka/repositories/billy-agv/src/tutorial_interfaces/install/tutorial_interfaces/share/tutorial_interfaces/cmake/rosidl_cmake_export_typesupport_targets-extras.cmake
[0.727s] -- Up-to-date: /home/sacka/repositories/billy-agv/src/tutorial_interfaces/install/tutorial_interfaces/share/tutorial_interfaces/cmake/rosidl_cmake_export_typesupport_libraries-extras.cmake
[0.727s] -- Up-to-date: /home/sacka/repositories/billy-agv/src/tutorial_interfaces/install/tutorial_interfaces/share/tutorial_interfaces/cmake/tutorial_interfacesConfig.cmake
[0.728s] -- Up-to-date: /home/sacka/repositories/billy-agv/src/tutorial_interfaces/install/tutorial_interfaces/share/tutorial_interfaces/cmake/tutorial_interfacesConfig-version.cmake
[0.728s] -- Up-to-date: /home/sacka/repositories/billy-agv/src/tutorial_interfaces/install/tutorial_interfaces/share/tutorial_interfaces/package.xml
[0.729s] Invoked command in '/home/sacka/repositories/billy-agv/src/tutorial_interfaces/build/tutorial_interfaces' returned '0': CMAKE_PREFIX_PATH=${CMAKE_PREFIX_PATH}:/opt/ros/humble /usr/bin/cmake --install /home/sacka/repositories/billy-agv/src/tutorial_interfaces/build/tutorial_interfaces
