[0.019s] Invoking command in '/home/sacka/repositories/billy-agv/src/tutorial_interfaces/build/tutorial_interfaces': CMAKE_PREFIX_PATH=${CMAKE_PREFIX_PATH}:/opt/ros/humble /usr/bin/cmake /home/sacka/repositories/billy-agv/src/tutorial_interfaces -DCMAKE_INSTALL_PREFIX=/home/sacka/repositories/billy-agv/src/tutorial_interfaces/install/tutorial_interfaces
[0.378s] -- The C compiler identification is GNU 11.2.0
[2.036s] -- The CXX compiler identification is GNU 11.2.0
[3.293s] -- Detecting C compiler ABI info
[3.691s] -- Detecting C compiler ABI info - done
[3.700s] -- Check for working C compiler: /usr/bin/cc - skipped
[3.701s] -- Detecting C compile features
[3.702s] -- Detecting C compile features - done
[3.706s] -- Detecting CXX compiler ABI info
[4.111s] -- Detecting CXX compiler ABI info - done
[4.121s] -- Check for working CXX compiler: /usr/bin/c++ - skipped
[4.122s] -- Detecting CXX compile features
[4.123s] -- Detecting CXX compile features - done
[4.127s] -- Found ament_cmake: 1.3.2 (/opt/ros/humble/share/ament_cmake/cmake)
[4.335s] -- Found Python3: /usr/bin/python3.10 (found version "3.10.4") found components: Interpreter 
[4.439s] -- Found ament_lint_auto: 0.12.4 (/opt/ros/humble/share/ament_lint_auto/cmake)
[4.564s] -- Found geometry_msgs: 4.2.2 (/opt/ros/humble/share/geometry_msgs/cmake)
[5.019s] -- Found rosidl_generator_c: 3.1.3 (/opt/ros/humble/share/rosidl_generator_c/cmake)
[5.025s] -- Found rosidl_adapter: 3.1.3 (/opt/ros/humble/share/rosidl_adapter/cmake)
[5.037s] -- Found rosidl_generator_cpp: 3.1.3 (/opt/ros/humble/share/rosidl_generator_cpp/cmake)
[5.054s] -- Using all available rosidl_typesupport_c: rosidl_typesupport_fastrtps_c;rosidl_typesupport_introspection_c
[5.076s] -- Using all available rosidl_typesupport_cpp: rosidl_typesupport_fastrtps_cpp;rosidl_typesupport_introspection_cpp
[5.293s] -- Found rosidl_default_generators: 1.2.0 (/opt/ros/humble/share/rosidl_default_generators/cmake)
[5.610s] -- Found ament_cmake_ros: 0.10.0 (/opt/ros/humble/share/ament_cmake_ros/cmake)
[6.143s] -- Using all available rosidl_typesupport_c: rosidl_typesupport_fastrtps_c;rosidl_typesupport_introspection_c
[6.351s] -- Using all available rosidl_typesupport_cpp: rosidl_typesupport_fastrtps_cpp;rosidl_typesupport_introspection_cpp
[6.808s] -- Found PythonInterp: /usr/bin/python3 (found suitable version "3.10.4", minimum required is "3.6") 
[6.847s] -- Found python_cmake_module: 0.10.0 (/opt/ros/humble/share/python_cmake_module/cmake)
[8.341s] -- Found PythonLibs: /usr/lib/x86_64-linux-gnu/libpython3.10.so (found suitable version "3.10.4", minimum required is "3.5") 
[8.342s] -- Using PYTHON_EXECUTABLE: /usr/bin/python3
[8.342s] -- Using PYTHON_INCLUDE_DIRS: /usr/include/python3.10
[8.342s] -- Using PYTHON_LIBRARIES: /usr/lib/x86_64-linux-gnu/libpython3.10.so
[8.367s] -- Found PythonExtra: .so  
[8.626s] -- Added test 'cppcheck' to perform static code analysis on C / C++ code
[8.627s] -- Configured cppcheck include dirs: $<BUILD_INTERFACE:/home/sacka/repositories/billy-agv/src/tutorial_interfaces/build/tutorial_interfaces/rosidl_generator_c>;$<BUILD_INTERFACE:/home/sacka/repositories/billy-agv/src/tutorial_interfaces/build/tutorial_interfaces/rosidl_typesupport_fastrtps_c>;$<BUILD_INTERFACE:/home/sacka/repositories/billy-agv/src/tutorial_interfaces/build/tutorial_interfaces/rosidl_generator_cpp>;$<BUILD_INTERFACE:/home/sacka/repositories/billy-agv/src/tutorial_interfaces/build/tutorial_interfaces/rosidl_typesupport_fastrtps_cpp>;$<BUILD_INTERFACE:/home/sacka/repositories/billy-agv/src/tutorial_interfaces/build/tutorial_interfaces/rosidl_typesupport_introspection_c>;$<BUILD_INTERFACE:/home/sacka/repositories/billy-agv/src/tutorial_interfaces/build/tutorial_interfaces/rosidl_typesupport_introspection_cpp>;/home/sacka/repositories/billy-agv/src/tutorial_interfaces/build/tutorial_interfaces/rosidl_generator_c;/home/sacka/repositories/billy-agv/src/tutorial_interfaces/build/tutorial_interfaces/rosidl_generator_py
[8.627s] -- Configured cppcheck exclude dirs and/or files: 
[8.628s] -- Added test 'flake8' to check Python code syntax and style conventions
[8.632s] -- Added test 'lint_cmake' to check CMake code style
[8.634s] -- Added test 'pep257' to check Python code against some of the docstring style conventions in PEP 257
[8.640s] -- Added test 'uncrustify' to check C / C++ code style
[8.640s] -- Configured uncrustify additional arguments: 
[8.642s] -- Added test 'xmllint' to check XML markup files
[8.691s] -- Configuring done
[8.760s] -- Generating done
[8.765s] -- Build files have been written to: /home/sacka/repositories/billy-agv/src/tutorial_interfaces/build/tutorial_interfaces
[8.777s] Invoked command in '/home/sacka/repositories/billy-agv/src/tutorial_interfaces/build/tutorial_interfaces' returned '0': CMAKE_PREFIX_PATH=${CMAKE_PREFIX_PATH}:/opt/ros/humble /usr/bin/cmake /home/sacka/repositories/billy-agv/src/tutorial_interfaces -DCMAKE_INSTALL_PREFIX=/home/sacka/repositories/billy-agv/src/tutorial_interfaces/install/tutorial_interfaces
[8.780s] Invoking command in '/home/sacka/repositories/billy-agv/src/tutorial_interfaces/build/tutorial_interfaces': CMAKE_PREFIX_PATH=${CMAKE_PREFIX_PATH}:/opt/ros/humble /usr/bin/cmake --build /home/sacka/repositories/billy-agv/src/tutorial_interfaces/build/tutorial_interfaces -- -j12 -l12
[8.815s] [  2%] [34m[1mGenerating C code for ROS interfaces[0m
[8.823s] [  4%] [34m[1mGenerating C++ code for ROS interfaces[0m
[8.831s] [  4%] Built target ament_cmake_python_copy_tutorial_interfaces
[9.239s] running egg_info
[9.240s] creating tutorial_interfaces.egg-info
[9.240s] writing tutorial_interfaces.egg-info/PKG-INFO
[9.240s] writing dependency_links to tutorial_interfaces.egg-info/dependency_links.txt
[9.241s] writing top-level names to tutorial_interfaces.egg-info/top_level.txt
[9.241s] writing manifest file 'tutorial_interfaces.egg-info/SOURCES.txt'
[9.245s] reading manifest file 'tutorial_interfaces.egg-info/SOURCES.txt'
[9.246s] writing manifest file 'tutorial_interfaces.egg-info/SOURCES.txt'
[9.286s] [  4%] Built target ament_cmake_python_build_tutorial_interfaces_egg
[9.414s] [  4%] Built target tutorial_interfaces__cpp
[9.426s] [  6%] [34m[1mGenerating C++ introspection for ROS interfaces[0m
[9.427s] [  8%] [34m[1mGenerating C++ type support for eProsima Fast-RTPS[0m
[9.427s] [ 10%] [34m[1mGenerating C++ type support dispatch for ROS interfaces[0m
[9.441s] [ 17%] [32mBuilding C object CMakeFiles/tutorial_interfaces__rosidl_generator_c.dir/rosidl_generator_c/tutorial_interfaces/msg/detail/sphere__functions.c.o[0m
[9.441s] [ 17%] [32mBuilding C object CMakeFiles/tutorial_interfaces__rosidl_generator_c.dir/rosidl_generator_c/tutorial_interfaces/msg/detail/num__functions.c.o[0m
[9.442s] [ 17%] [32mBuilding C object CMakeFiles/tutorial_interfaces__rosidl_generator_c.dir/rosidl_generator_c/tutorial_interfaces/srv/detail/add_three_ints__functions.c.o[0m
[9.519s] [ 19%] [32m[1mLinking C shared library libtutorial_interfaces__rosidl_generator_c.so[0m
[9.855s] [ 19%] Built target tutorial_interfaces__rosidl_generator_c
[9.867s] [ 21%] [34m[1mGenerating C type support for eProsima Fast-RTPS[0m
[9.867s] [ 25%] [34m[1mGenerating C type support dispatch for ROS interfaces[0m
[9.867s] [ 25%] [34m[1mGenerating C introspection for ROS interfaces[0m
[9.906s] [ 31%] [32mBuilding CXX object CMakeFiles/tutorial_interfaces__rosidl_typesupport_cpp.dir/rosidl_typesupport_cpp/tutorial_interfaces/msg/sphere__type_support.cpp.o[0m
[9.906s] [ 31%] [32mBuilding CXX object CMakeFiles/tutorial_interfaces__rosidl_typesupport_cpp.dir/rosidl_typesupport_cpp/tutorial_interfaces/msg/num__type_support.cpp.o[0m
[9.906s] [ 31%] [32mBuilding CXX object CMakeFiles/tutorial_interfaces__rosidl_typesupport_cpp.dir/rosidl_typesupport_cpp/tutorial_interfaces/srv/add_three_ints__type_support.cpp.o[0m
[9.990s] [ 36%] [32mBuilding CXX object CMakeFiles/tutorial_interfaces__rosidl_typesupport_introspection_cpp.dir/rosidl_typesupport_introspection_cpp/tutorial_interfaces/msg/detail/num__type_support.cpp.o[0m
[9.990s] [ 36%] [32mBuilding CXX object CMakeFiles/tutorial_interfaces__rosidl_typesupport_introspection_cpp.dir/rosidl_typesupport_introspection_cpp/tutorial_interfaces/msg/detail/sphere__type_support.cpp.o[0m
[9.990s] [ 38%] [32mBuilding CXX object CMakeFiles/tutorial_interfaces__rosidl_typesupport_introspection_cpp.dir/rosidl_typesupport_introspection_cpp/tutorial_interfaces/srv/detail/add_three_ints__type_support.cpp.o[0m
[10.116s] [ 40%] [32mBuilding CXX object CMakeFiles/tutorial_interfaces__rosidl_typesupport_fastrtps_cpp.dir/rosidl_typesupport_fastrtps_cpp/tutorial_interfaces/msg/detail/dds_fastrtps/num__type_support.cpp.o[0m
[10.137s] [ 42%] [32mBuilding CXX object CMakeFiles/tutorial_interfaces__rosidl_typesupport_fastrtps_cpp.dir/rosidl_typesupport_fastrtps_cpp/tutorial_interfaces/srv/detail/dds_fastrtps/add_three_ints__type_support.cpp.o[0m
[10.155s] [ 44%] [32mBuilding CXX object CMakeFiles/tutorial_interfaces__rosidl_typesupport_fastrtps_cpp.dir/rosidl_typesupport_fastrtps_cpp/tutorial_interfaces/msg/detail/dds_fastrtps/sphere__type_support.cpp.o[0m
[10.413s] [ 46%] [32m[1mLinking CXX shared library libtutorial_interfaces__rosidl_typesupport_cpp.so[0m
[10.499s] [ 51%] [32mBuilding CXX object CMakeFiles/tutorial_interfaces__rosidl_typesupport_c.dir/rosidl_typesupport_c/tutorial_interfaces/msg/sphere__type_support.cpp.o[0m
[10.499s] [ 51%] [32mBuilding CXX object CMakeFiles/tutorial_interfaces__rosidl_typesupport_c.dir/rosidl_typesupport_c/tutorial_interfaces/msg/num__type_support.cpp.o[0m
[10.502s] [ 53%] [32mBuilding CXX object CMakeFiles/tutorial_interfaces__rosidl_typesupport_c.dir/rosidl_typesupport_c/tutorial_interfaces/srv/add_three_ints__type_support.cpp.o[0m
[10.565s] [ 55%] [32m[1mLinking CXX shared library libtutorial_interfaces__rosidl_typesupport_c.so[0m
[10.715s] [ 57%] [32mBuilding C object CMakeFiles/tutorial_interfaces__rosidl_typesupport_introspection_c.dir/rosidl_typesupport_introspection_c/tutorial_interfaces/msg/detail/num__type_support.c.o[0m
[10.724s] [ 61%] [32mBuilding C object CMakeFiles/tutorial_interfaces__rosidl_typesupport_introspection_c.dir/rosidl_typesupport_introspection_c/tutorial_interfaces/srv/detail/add_three_ints__type_support.c.o[0m
[10.724s] [ 61%] [32mBuilding C object CMakeFiles/tutorial_interfaces__rosidl_typesupport_introspection_c.dir/rosidl_typesupport_introspection_c/tutorial_interfaces/msg/detail/sphere__type_support.c.o[0m
[10.749s] [ 63%] [32mBuilding CXX object CMakeFiles/tutorial_interfaces__rosidl_typesupport_fastrtps_c.dir/rosidl_typesupport_fastrtps_c/tutorial_interfaces/msg/detail/num__type_support_c.cpp.o[0m
[10.779s] [ 65%] [32mBuilding CXX object CMakeFiles/tutorial_interfaces__rosidl_typesupport_fastrtps_c.dir/rosidl_typesupport_fastrtps_c/tutorial_interfaces/msg/detail/sphere__type_support_c.cpp.o[0m
[10.781s] [ 68%] [32mBuilding CXX object CMakeFiles/tutorial_interfaces__rosidl_typesupport_fastrtps_c.dir/rosidl_typesupport_fastrtps_c/tutorial_interfaces/srv/detail/add_three_ints__type_support_c.cpp.o[0m
[10.792s] [ 70%] [32m[1mLinking CXX shared library libtutorial_interfaces__rosidl_typesupport_introspection_cpp.so[0m
[10.799s] [ 72%] [32m[1mLinking C shared library libtutorial_interfaces__rosidl_typesupport_introspection_c.so[0m
[10.879s] [ 72%] Built target tutorial_interfaces__rosidl_typesupport_cpp
[10.968s] [ 72%] Built target tutorial_interfaces__rosidl_typesupport_c
[11.032s] [ 72%] Built target tutorial_interfaces__rosidl_typesupport_introspection_c
[11.082s] [ 72%] Built target tutorial_interfaces__rosidl_typesupport_introspection_cpp
[11.133s] [ 74%] [32m[1mLinking CXX shared library libtutorial_interfaces__rosidl_typesupport_fastrtps_cpp.so[0m
[11.334s] [ 76%] [32m[1mLinking CXX shared library libtutorial_interfaces__rosidl_typesupport_fastrtps_c.so[0m
[11.559s] [ 76%] Built target tutorial_interfaces__rosidl_typesupport_fastrtps_cpp
[11.776s] [ 76%] Built target tutorial_interfaces__rosidl_typesupport_fastrtps_c
[11.792s] [ 76%] Built target tutorial_interfaces
[11.809s] [ 78%] [34m[1mGenerating Python code for ROS interfaces[0m
[12.949s] [ 78%] Built target tutorial_interfaces__py
[12.971s] [ 82%] [32mBuilding C object CMakeFiles/tutorial_interfaces__rosidl_generator_py.dir/rosidl_generator_py/tutorial_interfaces/msg/_sphere_s.c.o[0m
[12.971s] [ 82%] [32mBuilding C object CMakeFiles/tutorial_interfaces__rosidl_generator_py.dir/rosidl_generator_py/tutorial_interfaces/srv/_add_three_ints_s.c.o[0m
[12.972s] [ 85%] [32mBuilding C object CMakeFiles/tutorial_interfaces__rosidl_generator_py.dir/rosidl_generator_py/tutorial_interfaces/msg/_num_s.c.o[0m
[13.164s] [ 87%] [32m[1mLinking C shared library rosidl_generator_py/tutorial_interfaces/libtutorial_interfaces__rosidl_generator_py.so[0m
[13.573s] [ 87%] Built target tutorial_interfaces__rosidl_generator_py
[13.593s] [ 93%] [32mBuilding C object CMakeFiles/tutorial_interfaces__rosidl_typesupport_c__pyext.dir/rosidl_generator_py/tutorial_interfaces/_tutorial_interfaces_s.ep.rosidl_typesupport_c.c.o[0m
[13.594s] [ 93%] [32mBuilding C object CMakeFiles/tutorial_interfaces__rosidl_typesupport_introspection_c__pyext.dir/rosidl_generator_py/tutorial_interfaces/_tutorial_interfaces_s.ep.rosidl_typesupport_introspection_c.c.o[0m
[13.594s] [ 93%] [32mBuilding C object CMakeFiles/tutorial_interfaces__rosidl_typesupport_fastrtps_c__pyext.dir/rosidl_generator_py/tutorial_interfaces/_tutorial_interfaces_s.ep.rosidl_typesupport_fastrtps_c.c.o[0m
[13.760s] [ 97%] [32m[1mLinking C shared library rosidl_generator_py/tutorial_interfaces/tutorial_interfaces_s__rosidl_typesupport_introspection_c.cpython-310-x86_64-linux-gnu.so[0m
[13.761s] [ 97%] [32m[1mLinking C shared library rosidl_generator_py/tutorial_interfaces/tutorial_interfaces_s__rosidl_typesupport_c.cpython-310-x86_64-linux-gnu.so[0m
[13.761s] [100%] [32m[1mLinking C shared library rosidl_generator_py/tutorial_interfaces/tutorial_interfaces_s__rosidl_typesupport_fastrtps_c.cpython-310-x86_64-linux-gnu.so[0m
[14.010s] [100%] Built target tutorial_interfaces__rosidl_typesupport_c__pyext
[14.010s] [100%] Built target tutorial_interfaces__rosidl_typesupport_introspection_c__pyext
[14.012s] [100%] Built target tutorial_interfaces__rosidl_typesupport_fastrtps_c__pyext
[14.021s] Invoked command in '/home/sacka/repositories/billy-agv/src/tutorial_interfaces/build/tutorial_interfaces' returned '0': CMAKE_PREFIX_PATH=${CMAKE_PREFIX_PATH}:/opt/ros/humble /usr/bin/cmake --build /home/sacka/repositories/billy-agv/src/tutorial_interfaces/build/tutorial_interfaces -- -j12 -l12
[14.103s] Invoking command in '/home/sacka/repositories/billy-agv/src/tutorial_interfaces/build/tutorial_interfaces': CMAKE_PREFIX_PATH=${CMAKE_PREFIX_PATH}:/opt/ros/humble /usr/bin/cmake --install /home/sacka/repositories/billy-agv/src/tutorial_interfaces/build/tutorial_interfaces
[14.109s] -- Install configuration: ""
[14.110s] -- Installing: /home/sacka/repositories/billy-agv/src/tutorial_interfaces/install/tutorial_interfaces/share/ament_index/resource_index/rosidl_interfaces/tutorial_interfaces
[14.110s] -- Installing: /home/sacka/repositories/billy-agv/src/tutorial_interfaces/install/tutorial_interfaces/include/tutorial_interfaces/tutorial_interfaces
[14.111s] -- Installing: /home/sacka/repositories/billy-agv/src/tutorial_interfaces/install/tutorial_interfaces/include/tutorial_interfaces/tutorial_interfaces/srv
[14.111s] -- Installing: /home/sacka/repositories/billy-agv/src/tutorial_interfaces/install/tutorial_interfaces/include/tutorial_interfaces/tutorial_interfaces/srv/detail
[14.111s] -- Installing: /home/sacka/repositories/billy-agv/src/tutorial_interfaces/install/tutorial_interfaces/include/tutorial_interfaces/tutorial_interfaces/srv/detail/add_three_ints__type_support.h
[14.111s] -- Installing: /home/sacka/repositories/billy-agv/src/tutorial_interfaces/install/tutorial_interfaces/include/tutorial_interfaces/tutorial_interfaces/srv/detail/add_three_ints__struct.h
[14.112s] -- Installing: /home/sacka/repositories/billy-agv/src/tutorial_interfaces/install/tutorial_interfaces/include/tutorial_interfaces/tutorial_interfaces/srv/detail/add_three_ints__functions.c
[14.112s] -- Installing: /home/sacka/repositories/billy-agv/src/tutorial_interfaces/install/tutorial_interfaces/include/tutorial_interfaces/tutorial_interfaces/srv/detail/add_three_ints__functions.h
[14.112s] -- Installing: /home/sacka/repositories/billy-agv/src/tutorial_interfaces/install/tutorial_interfaces/include/tutorial_interfaces/tutorial_interfaces/srv/add_three_ints.h
[14.113s] -- Installing: /home/sacka/repositories/billy-agv/src/tutorial_interfaces/install/tutorial_interfaces/include/tutorial_interfaces/tutorial_interfaces/msg
[14.113s] -- Installing: /home/sacka/repositories/billy-agv/src/tutorial_interfaces/install/tutorial_interfaces/include/tutorial_interfaces/tutorial_interfaces/msg/rosidl_generator_c__visibility_control.h
[14.113s] -- Installing: /home/sacka/repositories/billy-agv/src/tutorial_interfaces/install/tutorial_interfaces/include/tutorial_interfaces/tutorial_interfaces/msg/detail
[14.113s] -- Installing: /home/sacka/repositories/billy-agv/src/tutorial_interfaces/install/tutorial_interfaces/include/tutorial_interfaces/tutorial_interfaces/msg/detail/num__type_support.h
[14.113s] -- Installing: /home/sacka/repositories/billy-agv/src/tutorial_interfaces/install/tutorial_interfaces/include/tutorial_interfaces/tutorial_interfaces/msg/detail/sphere__struct.h
[14.114s] -- Installing: /home/sacka/repositories/billy-agv/src/tutorial_interfaces/install/tutorial_interfaces/include/tutorial_interfaces/tutorial_interfaces/msg/detail/sphere__functions.h
[14.114s] -- Installing: /home/sacka/repositories/billy-agv/src/tutorial_interfaces/install/tutorial_interfaces/include/tutorial_interfaces/tutorial_interfaces/msg/detail/sphere__functions.c
[14.114s] -- Installing: /home/sacka/repositories/billy-agv/src/tutorial_interfaces/install/tutorial_interfaces/include/tutorial_interfaces/tutorial_interfaces/msg/detail/num__functions.h
[14.115s] -- Installing: /home/sacka/repositories/billy-agv/src/tutorial_interfaces/install/tutorial_interfaces/include/tutorial_interfaces/tutorial_interfaces/msg/detail/num__struct.h
[14.115s] -- Installing: /home/sacka/repositories/billy-agv/src/tutorial_interfaces/install/tutorial_interfaces/include/tutorial_interfaces/tutorial_interfaces/msg/detail/sphere__type_support.h
[14.115s] -- Installing: /home/sacka/repositories/billy-agv/src/tutorial_interfaces/install/tutorial_interfaces/include/tutorial_interfaces/tutorial_interfaces/msg/detail/num__functions.c
[14.115s] -- Installing: /home/sacka/repositories/billy-agv/src/tutorial_interfaces/install/tutorial_interfaces/include/tutorial_interfaces/tutorial_interfaces/msg/sphere.h
[14.116s] -- Installing: /home/sacka/repositories/billy-agv/src/tutorial_interfaces/install/tutorial_interfaces/include/tutorial_interfaces/tutorial_interfaces/msg/num.h
[14.116s] -- Installing: /home/sacka/repositories/billy-agv/src/tutorial_interfaces/install/tutorial_interfaces/share/tutorial_interfaces/environment/library_path.sh
[14.116s] -- Installing: /home/sacka/repositories/billy-agv/src/tutorial_interfaces/install/tutorial_interfaces/share/tutorial_interfaces/environment/library_path.dsv
[14.117s] -- Installing: /home/sacka/repositories/billy-agv/src/tutorial_interfaces/install/tutorial_interfaces/lib/libtutorial_interfaces__rosidl_generator_c.so
[14.118s] -- Set runtime path of "/home/sacka/repositories/billy-agv/src/tutorial_interfaces/install/tutorial_interfaces/lib/libtutorial_interfaces__rosidl_generator_c.so" to ""
[14.118s] -- Up-to-date: /home/sacka/repositories/billy-agv/src/tutorial_interfaces/install/tutorial_interfaces/include/tutorial_interfaces/tutorial_interfaces
[14.118s] -- Up-to-date: /home/sacka/repositories/billy-agv/src/tutorial_interfaces/install/tutorial_interfaces/include/tutorial_interfaces/tutorial_interfaces/srv
[14.119s] -- Up-to-date: /home/sacka/repositories/billy-agv/src/tutorial_interfaces/install/tutorial_interfaces/include/tutorial_interfaces/tutorial_interfaces/srv/detail
[14.119s] -- Installing: /home/sacka/repositories/billy-agv/src/tutorial_interfaces/install/tutorial_interfaces/include/tutorial_interfaces/tutorial_interfaces/srv/detail/add_three_ints__rosidl_typesupport_fastrtps_c.h
[14.119s] -- Up-to-date: /home/sacka/repositories/billy-agv/src/tutorial_interfaces/install/tutorial_interfaces/include/tutorial_interfaces/tutorial_interfaces/msg
[14.120s] -- Installing: /home/sacka/repositories/billy-agv/src/tutorial_interfaces/install/tutorial_interfaces/include/tutorial_interfaces/tutorial_interfaces/msg/rosidl_typesupport_fastrtps_c__visibility_control.h
[14.120s] -- Up-to-date: /home/sacka/repositories/billy-agv/src/tutorial_interfaces/install/tutorial_interfaces/include/tutorial_interfaces/tutorial_interfaces/msg/detail
[14.120s] -- Installing: /home/sacka/repositories/billy-agv/src/tutorial_interfaces/install/tutorial_interfaces/include/tutorial_interfaces/tutorial_interfaces/msg/detail/num__rosidl_typesupport_fastrtps_c.h
[14.121s] -- Installing: /home/sacka/repositories/billy-agv/src/tutorial_interfaces/install/tutorial_interfaces/include/tutorial_interfaces/tutorial_interfaces/msg/detail/sphere__rosidl_typesupport_fastrtps_c.h
[14.121s] -- Installing: /home/sacka/repositories/billy-agv/src/tutorial_interfaces/install/tutorial_interfaces/lib/libtutorial_interfaces__rosidl_typesupport_fastrtps_c.so
[14.121s] -- Set runtime path of "/home/sacka/repositories/billy-agv/src/tutorial_interfaces/install/tutorial_interfaces/lib/libtutorial_interfaces__rosidl_typesupport_fastrtps_c.so" to ""
[14.122s] -- Up-to-date: /home/sacka/repositories/billy-agv/src/tutorial_interfaces/install/tutorial_interfaces/include/tutorial_interfaces/tutorial_interfaces
[14.122s] -- Up-to-date: /home/sacka/repositories/billy-agv/src/tutorial_interfaces/install/tutorial_interfaces/include/tutorial_interfaces/tutorial_interfaces/srv
[14.123s] -- Up-to-date: /home/sacka/repositories/billy-agv/src/tutorial_interfaces/install/tutorial_interfaces/include/tutorial_interfaces/tutorial_interfaces/srv/detail
[14.124s] -- Installing: /home/sacka/repositories/billy-agv/src/tutorial_interfaces/install/tutorial_interfaces/include/tutorial_interfaces/tutorial_interfaces/srv/detail/add_three_ints__builder.hpp
[14.124s] -- Installing: /home/sacka/repositories/billy-agv/src/tutorial_interfaces/install/tutorial_interfaces/include/tutorial_interfaces/tutorial_interfaces/srv/detail/add_three_ints__struct.hpp
[14.124s] -- Installing: /home/sacka/repositories/billy-agv/src/tutorial_interfaces/install/tutorial_interfaces/include/tutorial_interfaces/tutorial_interfaces/srv/detail/add_three_ints__traits.hpp
[14.125s] -- Installing: /home/sacka/repositories/billy-agv/src/tutorial_interfaces/install/tutorial_interfaces/include/tutorial_interfaces/tutorial_interfaces/srv/add_three_ints.hpp
[14.125s] -- Up-to-date: /home/sacka/repositories/billy-agv/src/tutorial_interfaces/install/tutorial_interfaces/include/tutorial_interfaces/tutorial_interfaces/msg
[14.125s] -- Up-to-date: /home/sacka/repositories/billy-agv/src/tutorial_interfaces/install/tutorial_interfaces/include/tutorial_interfaces/tutorial_interfaces/msg/detail
[14.125s] -- Installing: /home/sacka/repositories/billy-agv/src/tutorial_interfaces/install/tutorial_interfaces/include/tutorial_interfaces/tutorial_interfaces/msg/detail/num__struct.hpp
[14.126s] -- Installing: /home/sacka/repositories/billy-agv/src/tutorial_interfaces/install/tutorial_interfaces/include/tutorial_interfaces/tutorial_interfaces/msg/detail/sphere__builder.hpp
[14.126s] -- Installing: /home/sacka/repositories/billy-agv/src/tutorial_interfaces/install/tutorial_interfaces/include/tutorial_interfaces/tutorial_interfaces/msg/detail/num__traits.hpp
[14.127s] -- Installing: /home/sacka/repositories/billy-agv/src/tutorial_interfaces/install/tutorial_interfaces/include/tutorial_interfaces/tutorial_interfaces/msg/detail/sphere__struct.hpp
[14.127s] -- Installing: /home/sacka/repositories/billy-agv/src/tutorial_interfaces/install/tutorial_interfaces/include/tutorial_interfaces/tutorial_interfaces/msg/detail/num__builder.hpp
[14.127s] -- Installing: /home/sacka/repositories/billy-agv/src/tutorial_interfaces/install/tutorial_interfaces/include/tutorial_interfaces/tutorial_interfaces/msg/detail/sphere__traits.hpp
[14.128s] -- Installing: /home/sacka/repositories/billy-agv/src/tutorial_interfaces/install/tutorial_interfaces/include/tutorial_interfaces/tutorial_interfaces/msg/sphere.hpp
[14.128s] -- Installing: /home/sacka/repositories/billy-agv/src/tutorial_interfaces/install/tutorial_interfaces/include/tutorial_interfaces/tutorial_interfaces/msg/num.hpp
[14.128s] -- Up-to-date: /home/sacka/repositories/billy-agv/src/tutorial_interfaces/install/tutorial_interfaces/include/tutorial_interfaces/tutorial_interfaces
[14.129s] -- Up-to-date: /home/sacka/repositories/billy-agv/src/tutorial_interfaces/install/tutorial_interfaces/include/tutorial_interfaces/tutorial_interfaces/srv
[14.129s] -- Up-to-date: /home/sacka/repositories/billy-agv/src/tutorial_interfaces/install/tutorial_interfaces/include/tutorial_interfaces/tutorial_interfaces/srv/detail
[14.129s] -- Installing: /home/sacka/repositories/billy-agv/src/tutorial_interfaces/install/tutorial_interfaces/include/tutorial_interfaces/tutorial_interfaces/srv/detail/add_three_ints__rosidl_typesupport_fastrtps_cpp.hpp
[14.129s] -- Installing: /home/sacka/repositories/billy-agv/src/tutorial_interfaces/install/tutorial_interfaces/include/tutorial_interfaces/tutorial_interfaces/srv/detail/dds_fastrtps
[14.129s] -- Up-to-date: /home/sacka/repositories/billy-agv/src/tutorial_interfaces/install/tutorial_interfaces/include/tutorial_interfaces/tutorial_interfaces/msg
[14.130s] -- Installing: /home/sacka/repositories/billy-agv/src/tutorial_interfaces/install/tutorial_interfaces/include/tutorial_interfaces/tutorial_interfaces/msg/rosidl_typesupport_fastrtps_cpp__visibility_control.h
[14.130s] -- Up-to-date: /home/sacka/repositories/billy-agv/src/tutorial_interfaces/install/tutorial_interfaces/include/tutorial_interfaces/tutorial_interfaces/msg/detail
[14.130s] -- Installing: /home/sacka/repositories/billy-agv/src/tutorial_interfaces/install/tutorial_interfaces/include/tutorial_interfaces/tutorial_interfaces/msg/detail/dds_fastrtps
[14.131s] -- Installing: /home/sacka/repositories/billy-agv/src/tutorial_interfaces/install/tutorial_interfaces/include/tutorial_interfaces/tutorial_interfaces/msg/detail/sphere__rosidl_typesupport_fastrtps_cpp.hpp
[14.131s] -- Installing: /home/sacka/repositories/billy-agv/src/tutorial_interfaces/install/tutorial_interfaces/include/tutorial_interfaces/tutorial_interfaces/msg/detail/num__rosidl_typesupport_fastrtps_cpp.hpp
[14.131s] -- Installing: /home/sacka/repositories/billy-agv/src/tutorial_interfaces/install/tutorial_interfaces/lib/libtutorial_interfaces__rosidl_typesupport_fastrtps_cpp.so
[14.131s] -- Set runtime path of "/home/sacka/repositories/billy-agv/src/tutorial_interfaces/install/tutorial_interfaces/lib/libtutorial_interfaces__rosidl_typesupport_fastrtps_cpp.so" to ""
[14.132s] -- Up-to-date: /home/sacka/repositories/billy-agv/src/tutorial_interfaces/install/tutorial_interfaces/include/tutorial_interfaces/tutorial_interfaces
[14.132s] -- Up-to-date: /home/sacka/repositories/billy-agv/src/tutorial_interfaces/install/tutorial_interfaces/include/tutorial_interfaces/tutorial_interfaces/srv
[14.132s] -- Up-to-date: /home/sacka/repositories/billy-agv/src/tutorial_interfaces/install/tutorial_interfaces/include/tutorial_interfaces/tutorial_interfaces/srv/detail
[14.132s] -- Installing: /home/sacka/repositories/billy-agv/src/tutorial_interfaces/install/tutorial_interfaces/include/tutorial_interfaces/tutorial_interfaces/srv/detail/add_three_ints__type_support.c
[14.132s] -- Installing: /home/sacka/repositories/billy-agv/src/tutorial_interfaces/install/tutorial_interfaces/include/tutorial_interfaces/tutorial_interfaces/srv/detail/add_three_ints__rosidl_typesupport_introspection_c.h
[14.133s] -- Up-to-date: /home/sacka/repositories/billy-agv/src/tutorial_interfaces/install/tutorial_interfaces/include/tutorial_interfaces/tutorial_interfaces/msg
[14.133s] -- Installing: /home/sacka/repositories/billy-agv/src/tutorial_interfaces/install/tutorial_interfaces/include/tutorial_interfaces/tutorial_interfaces/msg/rosidl_typesupport_introspection_c__visibility_control.h
[14.133s] -- Up-to-date: /home/sacka/repositories/billy-agv/src/tutorial_interfaces/install/tutorial_interfaces/include/tutorial_interfaces/tutorial_interfaces/msg/detail
[14.133s] -- Installing: /home/sacka/repositories/billy-agv/src/tutorial_interfaces/install/tutorial_interfaces/include/tutorial_interfaces/tutorial_interfaces/msg/detail/num__type_support.c
[14.133s] -- Installing: /home/sacka/repositories/billy-agv/src/tutorial_interfaces/install/tutorial_interfaces/include/tutorial_interfaces/tutorial_interfaces/msg/detail/sphere__rosidl_typesupport_introspection_c.h
[14.134s] -- Installing: /home/sacka/repositories/billy-agv/src/tutorial_interfaces/install/tutorial_interfaces/include/tutorial_interfaces/tutorial_interfaces/msg/detail/sphere__type_support.c
[14.134s] -- Installing: /home/sacka/repositories/billy-agv/src/tutorial_interfaces/install/tutorial_interfaces/include/tutorial_interfaces/tutorial_interfaces/msg/detail/num__rosidl_typesupport_introspection_c.h
[14.134s] -- Installing: /home/sacka/repositories/billy-agv/src/tutorial_interfaces/install/tutorial_interfaces/lib/libtutorial_interfaces__rosidl_typesupport_introspection_c.so
[14.134s] -- Set runtime path of "/home/sacka/repositories/billy-agv/src/tutorial_interfaces/install/tutorial_interfaces/lib/libtutorial_interfaces__rosidl_typesupport_introspection_c.so" to ""
[14.134s] -- Installing: /home/sacka/repositories/billy-agv/src/tutorial_interfaces/install/tutorial_interfaces/lib/libtutorial_interfaces__rosidl_typesupport_c.so
[14.134s] -- Set runtime path of "/home/sacka/repositories/billy-agv/src/tutorial_interfaces/install/tutorial_interfaces/lib/libtutorial_interfaces__rosidl_typesupport_c.so" to ""
[14.135s] -- Up-to-date: /home/sacka/repositories/billy-agv/src/tutorial_interfaces/install/tutorial_interfaces/include/tutorial_interfaces/tutorial_interfaces
[14.135s] -- Up-to-date: /home/sacka/repositories/billy-agv/src/tutorial_interfaces/install/tutorial_interfaces/include/tutorial_interfaces/tutorial_interfaces/srv
[14.135s] -- Up-to-date: /home/sacka/repositories/billy-agv/src/tutorial_interfaces/install/tutorial_interfaces/include/tutorial_interfaces/tutorial_interfaces/srv/detail
[14.135s] -- Installing: /home/sacka/repositories/billy-agv/src/tutorial_interfaces/install/tutorial_interfaces/include/tutorial_interfaces/tutorial_interfaces/srv/detail/add_three_ints__type_support.cpp
[14.135s] -- Installing: /home/sacka/repositories/billy-agv/src/tutorial_interfaces/install/tutorial_interfaces/include/tutorial_interfaces/tutorial_interfaces/srv/detail/add_three_ints__rosidl_typesupport_introspection_cpp.hpp
[14.136s] -- Up-to-date: /home/sacka/repositories/billy-agv/src/tutorial_interfaces/install/tutorial_interfaces/include/tutorial_interfaces/tutorial_interfaces/msg
[14.136s] -- Up-to-date: /home/sacka/repositories/billy-agv/src/tutorial_interfaces/install/tutorial_interfaces/include/tutorial_interfaces/tutorial_interfaces/msg/detail
[14.136s] -- Installing: /home/sacka/repositories/billy-agv/src/tutorial_interfaces/install/tutorial_interfaces/include/tutorial_interfaces/tutorial_interfaces/msg/detail/num__type_support.cpp
[14.136s] -- Installing: /home/sacka/repositories/billy-agv/src/tutorial_interfaces/install/tutorial_interfaces/include/tutorial_interfaces/tutorial_interfaces/msg/detail/sphere__type_support.cpp
[14.136s] -- Installing: /home/sacka/repositories/billy-agv/src/tutorial_interfaces/install/tutorial_interfaces/include/tutorial_interfaces/tutorial_interfaces/msg/detail/sphere__rosidl_typesupport_introspection_cpp.hpp
[14.137s] -- Installing: /home/sacka/repositories/billy-agv/src/tutorial_interfaces/install/tutorial_interfaces/include/tutorial_interfaces/tutorial_interfaces/msg/detail/num__rosidl_typesupport_introspection_cpp.hpp
[14.137s] -- Installing: /home/sacka/repositories/billy-agv/src/tutorial_interfaces/install/tutorial_interfaces/lib/libtutorial_interfaces__rosidl_typesupport_introspection_cpp.so
[14.137s] -- Set runtime path of "/home/sacka/repositories/billy-agv/src/tutorial_interfaces/install/tutorial_interfaces/lib/libtutorial_interfaces__rosidl_typesupport_introspection_cpp.so" to ""
[14.138s] -- Installing: /home/sacka/repositories/billy-agv/src/tutorial_interfaces/install/tutorial_interfaces/lib/libtutorial_interfaces__rosidl_typesupport_cpp.so
[14.138s] -- Set runtime path of "/home/sacka/repositories/billy-agv/src/tutorial_interfaces/install/tutorial_interfaces/lib/libtutorial_interfaces__rosidl_typesupport_cpp.so" to ""
[14.138s] -- Installing: /home/sacka/repositories/billy-agv/src/tutorial_interfaces/install/tutorial_interfaces/share/tutorial_interfaces/environment/pythonpath.sh
[14.139s] -- Installing: /home/sacka/repositories/billy-agv/src/tutorial_interfaces/install/tutorial_interfaces/share/tutorial_interfaces/environment/pythonpath.dsv
[14.139s] -- Installing: /home/sacka/repositories/billy-agv/src/tutorial_interfaces/install/tutorial_interfaces/local/lib/python3.10/dist-packages/tutorial_interfaces-0.0.0-py3.10.egg-info
[14.139s] -- Installing: /home/sacka/repositories/billy-agv/src/tutorial_interfaces/install/tutorial_interfaces/local/lib/python3.10/dist-packages/tutorial_interfaces-0.0.0-py3.10.egg-info/dependency_links.txt
[14.139s] -- Installing: /home/sacka/repositories/billy-agv/src/tutorial_interfaces/install/tutorial_interfaces/local/lib/python3.10/dist-packages/tutorial_interfaces-0.0.0-py3.10.egg-info/top_level.txt
[14.139s] -- Installing: /home/sacka/repositories/billy-agv/src/tutorial_interfaces/install/tutorial_interfaces/local/lib/python3.10/dist-packages/tutorial_interfaces-0.0.0-py3.10.egg-info/PKG-INFO
[14.140s] -- Installing: /home/sacka/repositories/billy-agv/src/tutorial_interfaces/install/tutorial_interfaces/local/lib/python3.10/dist-packages/tutorial_interfaces-0.0.0-py3.10.egg-info/SOURCES.txt
[14.140s] -- Installing: /home/sacka/repositories/billy-agv/src/tutorial_interfaces/install/tutorial_interfaces/local/lib/python3.10/dist-packages/tutorial_interfaces
[14.140s] -- Installing: /home/sacka/repositories/billy-agv/src/tutorial_interfaces/install/tutorial_interfaces/local/lib/python3.10/dist-packages/tutorial_interfaces/_tutorial_interfaces_s.ep.rosidl_typesupport_introspection_c.c
[14.140s] -- Installing: /home/sacka/repositories/billy-agv/src/tutorial_interfaces/install/tutorial_interfaces/local/lib/python3.10/dist-packages/tutorial_interfaces/libtutorial_interfaces__rosidl_generator_py.so
[14.140s] -- Installing: /home/sacka/repositories/billy-agv/src/tutorial_interfaces/install/tutorial_interfaces/local/lib/python3.10/dist-packages/tutorial_interfaces/__init__.py
[14.140s] -- Installing: /home/sacka/repositories/billy-agv/src/tutorial_interfaces/install/tutorial_interfaces/local/lib/python3.10/dist-packages/tutorial_interfaces/_tutorial_interfaces_s.ep.rosidl_typesupport_c.c
[14.140s] -- Installing: /home/sacka/repositories/billy-agv/src/tutorial_interfaces/install/tutorial_interfaces/local/lib/python3.10/dist-packages/tutorial_interfaces/tutorial_interfaces_s__rosidl_typesupport_c.cpython-310-x86_64-linux-gnu.so
[14.141s] -- Installing: /home/sacka/repositories/billy-agv/src/tutorial_interfaces/install/tutorial_interfaces/local/lib/python3.10/dist-packages/tutorial_interfaces/tutorial_interfaces_s__rosidl_typesupport_fastrtps_c.cpython-310-x86_64-linux-gnu.so
[14.141s] -- Installing: /home/sacka/repositories/billy-agv/src/tutorial_interfaces/install/tutorial_interfaces/local/lib/python3.10/dist-packages/tutorial_interfaces/_tutorial_interfaces_s.ep.rosidl_typesupport_fastrtps_c.c
[14.141s] -- Installing: /home/sacka/repositories/billy-agv/src/tutorial_interfaces/install/tutorial_interfaces/local/lib/python3.10/dist-packages/tutorial_interfaces/srv
[14.141s] -- Installing: /home/sacka/repositories/billy-agv/src/tutorial_interfaces/install/tutorial_interfaces/local/lib/python3.10/dist-packages/tutorial_interfaces/srv/__init__.py
[14.141s] -- Installing: /home/sacka/repositories/billy-agv/src/tutorial_interfaces/install/tutorial_interfaces/local/lib/python3.10/dist-packages/tutorial_interfaces/srv/_add_three_ints_s.c
[14.142s] -- Installing: /home/sacka/repositories/billy-agv/src/tutorial_interfaces/install/tutorial_interfaces/local/lib/python3.10/dist-packages/tutorial_interfaces/srv/_add_three_ints.py
[14.142s] -- Installing: /home/sacka/repositories/billy-agv/src/tutorial_interfaces/install/tutorial_interfaces/local/lib/python3.10/dist-packages/tutorial_interfaces/tutorial_interfaces_s__rosidl_typesupport_introspection_c.cpython-310-x86_64-linux-gnu.so
[14.142s] -- Installing: /home/sacka/repositories/billy-agv/src/tutorial_interfaces/install/tutorial_interfaces/local/lib/python3.10/dist-packages/tutorial_interfaces/msg
[14.142s] -- Installing: /home/sacka/repositories/billy-agv/src/tutorial_interfaces/install/tutorial_interfaces/local/lib/python3.10/dist-packages/tutorial_interfaces/msg/_sphere.py
[14.142s] -- Installing: /home/sacka/repositories/billy-agv/src/tutorial_interfaces/install/tutorial_interfaces/local/lib/python3.10/dist-packages/tutorial_interfaces/msg/_sphere_s.c
[14.143s] -- Installing: /home/sacka/repositories/billy-agv/src/tutorial_interfaces/install/tutorial_interfaces/local/lib/python3.10/dist-packages/tutorial_interfaces/msg/__init__.py
[14.143s] -- Installing: /home/sacka/repositories/billy-agv/src/tutorial_interfaces/install/tutorial_interfaces/local/lib/python3.10/dist-packages/tutorial_interfaces/msg/_num.py
[14.143s] -- Installing: /home/sacka/repositories/billy-agv/src/tutorial_interfaces/install/tutorial_interfaces/local/lib/python3.10/dist-packages/tutorial_interfaces/msg/_num_s.c
[14.207s] Listing '/home/sacka/repositories/billy-agv/src/tutorial_interfaces/install/tutorial_interfaces/local/lib/python3.10/dist-packages/tutorial_interfaces'...
[14.207s] Compiling '/home/sacka/repositories/billy-agv/src/tutorial_interfaces/install/tutorial_interfaces/local/lib/python3.10/dist-packages/tutorial_interfaces/__init__.py'...
[14.207s] Listing '/home/sacka/repositories/billy-agv/src/tutorial_interfaces/install/tutorial_interfaces/local/lib/python3.10/dist-packages/tutorial_interfaces/msg'...
[14.207s] Compiling '/home/sacka/repositories/billy-agv/src/tutorial_interfaces/install/tutorial_interfaces/local/lib/python3.10/dist-packages/tutorial_interfaces/msg/__init__.py'...
[14.208s] Compiling '/home/sacka/repositories/billy-agv/src/tutorial_interfaces/install/tutorial_interfaces/local/lib/python3.10/dist-packages/tutorial_interfaces/msg/_num.py'...
[14.208s] Compiling '/home/sacka/repositories/billy-agv/src/tutorial_interfaces/install/tutorial_interfaces/local/lib/python3.10/dist-packages/tutorial_interfaces/msg/_sphere.py'...
[14.208s] Listing '/home/sacka/repositories/billy-agv/src/tutorial_interfaces/install/tutorial_interfaces/local/lib/python3.10/dist-packages/tutorial_interfaces/srv'...
[14.208s] Compiling '/home/sacka/repositories/billy-agv/src/tutorial_interfaces/install/tutorial_interfaces/local/lib/python3.10/dist-packages/tutorial_interfaces/srv/__init__.py'...
[14.208s] Compiling '/home/sacka/repositories/billy-agv/src/tutorial_interfaces/install/tutorial_interfaces/local/lib/python3.10/dist-packages/tutorial_interfaces/srv/_add_three_ints.py'...
[14.211s] -- Installing: /home/sacka/repositories/billy-agv/src/tutorial_interfaces/install/tutorial_interfaces/local/lib/python3.10/dist-packages/tutorial_interfaces/tutorial_interfaces_s__rosidl_typesupport_fastrtps_c.cpython-310-x86_64-linux-gnu.so
[14.212s] -- Set runtime path of "/home/sacka/repositories/billy-agv/src/tutorial_interfaces/install/tutorial_interfaces/local/lib/python3.10/dist-packages/tutorial_interfaces/tutorial_interfaces_s__rosidl_typesupport_fastrtps_c.cpython-310-x86_64-linux-gnu.so" to ""
[14.212s] -- Installing: /home/sacka/repositories/billy-agv/src/tutorial_interfaces/install/tutorial_interfaces/local/lib/python3.10/dist-packages/tutorial_interfaces/tutorial_interfaces_s__rosidl_typesupport_introspection_c.cpython-310-x86_64-linux-gnu.so
[14.212s] -- Set runtime path of "/home/sacka/repositories/billy-agv/src/tutorial_interfaces/install/tutorial_interfaces/local/lib/python3.10/dist-packages/tutorial_interfaces/tutorial_interfaces_s__rosidl_typesupport_introspection_c.cpython-310-x86_64-linux-gnu.so" to ""
[14.213s] -- Installing: /home/sacka/repositories/billy-agv/src/tutorial_interfaces/install/tutorial_interfaces/local/lib/python3.10/dist-packages/tutorial_interfaces/tutorial_interfaces_s__rosidl_typesupport_c.cpython-310-x86_64-linux-gnu.so
[14.213s] -- Set runtime path of "/home/sacka/repositories/billy-agv/src/tutorial_interfaces/install/tutorial_interfaces/local/lib/python3.10/dist-packages/tutorial_interfaces/tutorial_interfaces_s__rosidl_typesupport_c.cpython-310-x86_64-linux-gnu.so" to ""
[14.213s] -- Installing: /home/sacka/repositories/billy-agv/src/tutorial_interfaces/install/tutorial_interfaces/lib/libtutorial_interfaces__rosidl_generator_py.so
[14.213s] -- Set runtime path of "/home/sacka/repositories/billy-agv/src/tutorial_interfaces/install/tutorial_interfaces/lib/libtutorial_interfaces__rosidl_generator_py.so" to ""
[14.214s] -- Installing: /home/sacka/repositories/billy-agv/src/tutorial_interfaces/install/tutorial_interfaces/share/tutorial_interfaces/msg/Num.idl
[14.214s] -- Installing: /home/sacka/repositories/billy-agv/src/tutorial_interfaces/install/tutorial_interfaces/share/tutorial_interfaces/msg/Sphere.idl
[14.215s] -- Installing: /home/sacka/repositories/billy-agv/src/tutorial_interfaces/install/tutorial_interfaces/share/tutorial_interfaces/srv/AddThreeInts.idl
[14.215s] -- Installing: /home/sacka/repositories/billy-agv/src/tutorial_interfaces/install/tutorial_interfaces/share/tutorial_interfaces/msg/Num.msg
[14.215s] -- Installing: /home/sacka/repositories/billy-agv/src/tutorial_interfaces/install/tutorial_interfaces/share/tutorial_interfaces/msg/Sphere.msg
[14.215s] -- Installing: /home/sacka/repositories/billy-agv/src/tutorial_interfaces/install/tutorial_interfaces/share/tutorial_interfaces/srv/AddThreeInts.srv
[14.216s] -- Installing: /home/sacka/repositories/billy-agv/src/tutorial_interfaces/install/tutorial_interfaces/share/tutorial_interfaces/srv/AddThreeInts_Request.msg
[14.216s] -- Installing: /home/sacka/repositories/billy-agv/src/tutorial_interfaces/install/tutorial_interfaces/share/tutorial_interfaces/srv/AddThreeInts_Response.msg
[14.216s] -- Installing: /home/sacka/repositories/billy-agv/src/tutorial_interfaces/install/tutorial_interfaces/share/ament_index/resource_index/package_run_dependencies/tutorial_interfaces
[14.217s] -- Installing: /home/sacka/repositories/billy-agv/src/tutorial_interfaces/install/tutorial_interfaces/share/ament_index/resource_index/parent_prefix_path/tutorial_interfaces
[14.217s] -- Installing: /home/sacka/repositories/billy-agv/src/tutorial_interfaces/install/tutorial_interfaces/share/tutorial_interfaces/environment/ament_prefix_path.sh
[14.217s] -- Installing: /home/sacka/repositories/billy-agv/src/tutorial_interfaces/install/tutorial_interfaces/share/tutorial_interfaces/environment/ament_prefix_path.dsv
[14.217s] -- Installing: /home/sacka/repositories/billy-agv/src/tutorial_interfaces/install/tutorial_interfaces/share/tutorial_interfaces/environment/path.sh
[14.218s] -- Installing: /home/sacka/repositories/billy-agv/src/tutorial_interfaces/install/tutorial_interfaces/share/tutorial_interfaces/environment/path.dsv
[14.218s] -- Installing: /home/sacka/repositories/billy-agv/src/tutorial_interfaces/install/tutorial_interfaces/share/tutorial_interfaces/local_setup.bash
[14.218s] -- Installing: /home/sacka/repositories/billy-agv/src/tutorial_interfaces/install/tutorial_interfaces/share/tutorial_interfaces/local_setup.sh
[14.218s] -- Installing: /home/sacka/repositories/billy-agv/src/tutorial_interfaces/install/tutorial_interfaces/share/tutorial_interfaces/local_setup.zsh
[14.219s] -- Installing: /home/sacka/repositories/billy-agv/src/tutorial_interfaces/install/tutorial_interfaces/share/tutorial_interfaces/local_setup.dsv
[14.219s] -- Installing: /home/sacka/repositories/billy-agv/src/tutorial_interfaces/install/tutorial_interfaces/share/tutorial_interfaces/package.dsv
[14.219s] -- Installing: /home/sacka/repositories/billy-agv/src/tutorial_interfaces/install/tutorial_interfaces/share/ament_index/resource_index/packages/tutorial_interfaces
[14.219s] -- Installing: /home/sacka/repositories/billy-agv/src/tutorial_interfaces/install/tutorial_interfaces/share/tutorial_interfaces/cmake/export_tutorial_interfaces__rosidl_generator_cExport.cmake
[14.220s] -- Installing: /home/sacka/repositories/billy-agv/src/tutorial_interfaces/install/tutorial_interfaces/share/tutorial_interfaces/cmake/export_tutorial_interfaces__rosidl_generator_cExport-noconfig.cmake
[14.220s] -- Installing: /home/sacka/repositories/billy-agv/src/tutorial_interfaces/install/tutorial_interfaces/share/tutorial_interfaces/cmake/export_tutorial_interfaces__rosidl_typesupport_fastrtps_cExport.cmake
[14.220s] -- Installing: /home/sacka/repositories/billy-agv/src/tutorial_interfaces/install/tutorial_interfaces/share/tutorial_interfaces/cmake/export_tutorial_interfaces__rosidl_typesupport_fastrtps_cExport-noconfig.cmake
[14.220s] -- Installing: /home/sacka/repositories/billy-agv/src/tutorial_interfaces/install/tutorial_interfaces/share/tutorial_interfaces/cmake/export_tutorial_interfaces__rosidl_generator_cppExport.cmake
[14.220s] -- Installing: /home/sacka/repositories/billy-agv/src/tutorial_interfaces/install/tutorial_interfaces/share/tutorial_interfaces/cmake/export_tutorial_interfaces__rosidl_typesupport_fastrtps_cppExport.cmake
[14.220s] -- Installing: /home/sacka/repositories/billy-agv/src/tutorial_interfaces/install/tutorial_interfaces/share/tutorial_interfaces/cmake/export_tutorial_interfaces__rosidl_typesupport_fastrtps_cppExport-noconfig.cmake
[14.221s] -- Installing: /home/sacka/repositories/billy-agv/src/tutorial_interfaces/install/tutorial_interfaces/share/tutorial_interfaces/cmake/tutorial_interfaces__rosidl_typesupport_introspection_cExport.cmake
[14.221s] -- Installing: /home/sacka/repositories/billy-agv/src/tutorial_interfaces/install/tutorial_interfaces/share/tutorial_interfaces/cmake/tutorial_interfaces__rosidl_typesupport_introspection_cExport-noconfig.cmake
[14.221s] -- Installing: /home/sacka/repositories/billy-agv/src/tutorial_interfaces/install/tutorial_interfaces/share/tutorial_interfaces/cmake/tutorial_interfaces__rosidl_typesupport_cExport.cmake
[14.222s] -- Installing: /home/sacka/repositories/billy-agv/src/tutorial_interfaces/install/tutorial_interfaces/share/tutorial_interfaces/cmake/tutorial_interfaces__rosidl_typesupport_cExport-noconfig.cmake
[14.222s] -- Installing: /home/sacka/repositories/billy-agv/src/tutorial_interfaces/install/tutorial_interfaces/share/tutorial_interfaces/cmake/tutorial_interfaces__rosidl_typesupport_introspection_cppExport.cmake
[14.222s] -- Installing: /home/sacka/repositories/billy-agv/src/tutorial_interfaces/install/tutorial_interfaces/share/tutorial_interfaces/cmake/tutorial_interfaces__rosidl_typesupport_introspection_cppExport-noconfig.cmake
[14.222s] -- Installing: /home/sacka/repositories/billy-agv/src/tutorial_interfaces/install/tutorial_interfaces/share/tutorial_interfaces/cmake/tutorial_interfaces__rosidl_typesupport_cppExport.cmake
[14.223s] -- Installing: /home/sacka/repositories/billy-agv/src/tutorial_interfaces/install/tutorial_interfaces/share/tutorial_interfaces/cmake/tutorial_interfaces__rosidl_typesupport_cppExport-noconfig.cmake
[14.223s] -- Installing: /home/sacka/repositories/billy-agv/src/tutorial_interfaces/install/tutorial_interfaces/share/tutorial_interfaces/cmake/export_tutorial_interfaces__rosidl_generator_pyExport.cmake
[14.223s] -- Installing: /home/sacka/repositories/billy-agv/src/tutorial_interfaces/install/tutorial_interfaces/share/tutorial_interfaces/cmake/export_tutorial_interfaces__rosidl_generator_pyExport-noconfig.cmake
[14.223s] -- Installing: /home/sacka/repositories/billy-agv/src/tutorial_interfaces/install/tutorial_interfaces/share/tutorial_interfaces/cmake/rosidl_cmake-extras.cmake
[14.224s] -- Installing: /home/sacka/repositories/billy-agv/src/tutorial_interfaces/install/tutorial_interfaces/share/tutorial_interfaces/cmake/ament_cmake_export_dependencies-extras.cmake
[14.224s] -- Installing: /home/sacka/repositories/billy-agv/src/tutorial_interfaces/install/tutorial_interfaces/share/tutorial_interfaces/cmake/ament_cmake_export_include_directories-extras.cmake
[14.224s] -- Installing: /home/sacka/repositories/billy-agv/src/tutorial_interfaces/install/tutorial_interfaces/share/tutorial_interfaces/cmake/ament_cmake_export_libraries-extras.cmake
[14.225s] -- Installing: /home/sacka/repositories/billy-agv/src/tutorial_interfaces/install/tutorial_interfaces/share/tutorial_interfaces/cmake/ament_cmake_export_targets-extras.cmake
[14.225s] -- Installing: /home/sacka/repositories/billy-agv/src/tutorial_interfaces/install/tutorial_interfaces/share/tutorial_interfaces/cmake/rosidl_cmake_export_typesupport_targets-extras.cmake
[14.225s] -- Installing: /home/sacka/repositories/billy-agv/src/tutorial_interfaces/install/tutorial_interfaces/share/tutorial_interfaces/cmake/rosidl_cmake_export_typesupport_libraries-extras.cmake
[14.225s] -- Installing: /home/sacka/repositories/billy-agv/src/tutorial_interfaces/install/tutorial_interfaces/share/tutorial_interfaces/cmake/tutorial_interfacesConfig.cmake
[14.226s] -- Installing: /home/sacka/repositories/billy-agv/src/tutorial_interfaces/install/tutorial_interfaces/share/tutorial_interfaces/cmake/tutorial_interfacesConfig-version.cmake
[14.226s] -- Installing: /home/sacka/repositories/billy-agv/src/tutorial_interfaces/install/tutorial_interfaces/share/tutorial_interfaces/package.xml
[14.229s] Invoked command in '/home/sacka/repositories/billy-agv/src/tutorial_interfaces/build/tutorial_interfaces' returned '0': CMAKE_PREFIX_PATH=${CMAKE_PREFIX_PATH}:/opt/ros/humble /usr/bin/cmake --install /home/sacka/repositories/billy-agv/src/tutorial_interfaces/build/tutorial_interfaces
