[0.023s] Invoking command in '/home/sacka/repositories/billy-agv/src/tutorial_interfaces/build/tutorial_interfaces': CMAKE_PREFIX_PATH=${CMAKE_PREFIX_PATH}:/opt/ros/humble /usr/bin/cmake --build /home/sacka/repositories/billy-agv/src/tutorial_interfaces/build/tutorial_interfaces -- -j12 -l12
[0.071s] [  2%] Built target tutorial_interfaces__cpp
[0.071s] [ 12%] Built target tutorial_interfaces__rosidl_generator_c
[0.084s] [ 12%] Built target ament_cmake_python_copy_tutorial_interfaces
[0.097s] [ 23%] Built target tutorial_interfaces__rosidl_typesupport_introspection_c
[0.099s] [ 44%] Built target tutorial_interfaces__rosidl_typesupport_introspection_cpp
[0.099s] [ 44%] Built target tutorial_interfaces__rosidl_typesupport_cpp
[0.100s] [ 55%] Built target tutorial_interfaces__rosidl_typesupport_fastrtps_cpp
[0.101s] [ 65%] Built target tutorial_interfaces__rosidl_typesupport_c
[0.101s] [ 76%] Built target tutorial_interfaces__rosidl_typesupport_fastrtps_c
[0.121s] [ 76%] Built target tutorial_interfaces
[0.140s] [ 78%] Built target tutorial_interfaces__py
[0.162s] [ 87%] Built target tutorial_interfaces__rosidl_generator_py
[0.183s] [ 95%] Built target tutorial_interfaces__rosidl_typesupport_c__pyext
[0.183s] [ 95%] Built target tutorial_interfaces__rosidl_typesupport_fastrtps_c__pyext
[0.184s] [100%] Built target tutorial_interfaces__rosidl_typesupport_introspection_c__pyext
[0.429s] running egg_info
[0.430s] writing tutorial_interfaces.egg-info/PKG-INFO
[0.430s] writing dependency_links to tutorial_interfaces.egg-info/dependency_links.txt
[0.431s] writing top-level names to tutorial_interfaces.egg-info/top_level.txt
[0.435s] reading manifest file 'tutorial_interfaces.egg-info/SOURCES.txt'
[0.436s] writing manifest file 'tutorial_interfaces.egg-info/SOURCES.txt'
[0.466s] [100%] Built target ament_cmake_python_build_tutorial_interfaces_egg
[0.476s] Invoked command in '/home/sacka/repositories/billy-agv/src/tutorial_interfaces/build/tutorial_interfaces' returned '0': CMAKE_PREFIX_PATH=${CMAKE_PREFIX_PATH}:/opt/ros/humble /usr/bin/cmake --build /home/sacka/repositories/billy-agv/src/tutorial_interfaces/build/tutorial_interfaces -- -j12 -l12
[0.582s] Invoking command in '/home/sacka/repositories/billy-agv/src/tutorial_interfaces/build/tutorial_interfaces': CMAKE_PREFIX_PATH=${CMAKE_PREFIX_PATH}:/opt/ros/humble /usr/bin/cmake --install /home/sacka/repositories/billy-agv/src/tutorial_interfaces/build/tutorial_interfaces
[0.590s] -- Install configuration: ""
[0.591s] -- Up-to-date: /home/sacka/repositories/billy-agv/src/tutorial_interfaces/install/tutorial_interfaces/share/ament_index/resource_index/rosidl_interfaces/tutorial_interfaces
[0.591s] -- Up-to-date: /home/sacka/repositories/billy-agv/src/tutorial_interfaces/install/tutorial_interfaces/include/tutorial_interfaces/tutorial_interfaces
[0.591s] -- Up-to-date: /home/sacka/repositories/billy-agv/src/tutorial_interfaces/install/tutorial_interfaces/include/tutorial_interfaces/tutorial_interfaces/srv
[0.592s] -- Up-to-date: /home/sacka/repositories/billy-agv/src/tutorial_interfaces/install/tutorial_interfaces/include/tutorial_interfaces/tutorial_interfaces/srv/detail
[0.592s] -- Up-to-date: /home/sacka/repositories/billy-agv/src/tutorial_interfaces/install/tutorial_interfaces/include/tutorial_interfaces/tutorial_interfaces/srv/detail/add_three_ints__type_support.h
[0.592s] -- Up-to-date: /home/sacka/repositories/billy-agv/src/tutorial_interfaces/install/tutorial_interfaces/include/tutorial_interfaces/tutorial_interfaces/srv/detail/add_three_ints__struct.h
[0.593s] -- Up-to-date: /home/sacka/repositories/billy-agv/src/tutorial_interfaces/install/tutorial_interfaces/include/tutorial_interfaces/tutorial_interfaces/srv/detail/add_three_ints__functions.c
[0.593s] -- Up-to-date: /home/sacka/repositories/billy-agv/src/tutorial_interfaces/install/tutorial_interfaces/include/tutorial_interfaces/tutorial_interfaces/srv/detail/add_three_ints__functions.h
[0.593s] -- Up-to-date: /home/sacka/repositories/billy-agv/src/tutorial_interfaces/install/tutorial_interfaces/include/tutorial_interfaces/tutorial_interfaces/srv/add_three_ints.h
[0.594s] -- Up-to-date: /home/sacka/repositories/billy-agv/src/tutorial_interfaces/install/tutorial_interfaces/include/tutorial_interfaces/tutorial_interfaces/msg
[0.594s] -- Up-to-date: /home/sacka/repositories/billy-agv/src/tutorial_interfaces/install/tutorial_interfaces/include/tutorial_interfaces/tutorial_interfaces/msg/rosidl_generator_c__visibility_control.h
[0.595s] -- Up-to-date: /home/sacka/repositories/billy-agv/src/tutorial_interfaces/install/tutorial_interfaces/include/tutorial_interfaces/tutorial_interfaces/msg/detail
[0.595s] -- Up-to-date: /home/sacka/repositories/billy-agv/src/tutorial_interfaces/install/tutorial_interfaces/include/tutorial_interfaces/tutorial_interfaces/msg/detail/num__type_support.h
[0.595s] -- Up-to-date: /home/sacka/repositories/billy-agv/src/tutorial_interfaces/install/tutorial_interfaces/include/tutorial_interfaces/tutorial_interfaces/msg/detail/sphere__struct.h
[0.596s] -- Up-to-date: /home/sacka/repositories/billy-agv/src/tutorial_interfaces/install/tutorial_interfaces/include/tutorial_interfaces/tutorial_interfaces/msg/detail/sphere__functions.h
[0.596s] -- Up-to-date: /home/sacka/repositories/billy-agv/src/tutorial_interfaces/install/tutorial_interfaces/include/tutorial_interfaces/tutorial_interfaces/msg/detail/sphere__functions.c
[0.597s] -- Up-to-date: /home/sacka/repositories/billy-agv/src/tutorial_interfaces/install/tutorial_interfaces/include/tutorial_interfaces/tutorial_interfaces/msg/detail/num__functions.h
[0.597s] -- Up-to-date: /home/sacka/repositories/billy-agv/src/tutorial_interfaces/install/tutorial_interfaces/include/tutorial_interfaces/tutorial_interfaces/msg/detail/num__struct.h
[0.598s] -- Up-to-date: /home/sacka/repositories/billy-agv/src/tutorial_interfaces/install/tutorial_interfaces/include/tutorial_interfaces/tutorial_interfaces/msg/detail/sphere__type_support.h
[0.598s] -- Up-to-date: /home/sacka/repositories/billy-agv/src/tutorial_interfaces/install/tutorial_interfaces/include/tutorial_interfaces/tutorial_interfaces/msg/detail/num__functions.c
[0.598s] -- Up-to-date: /home/sacka/repositories/billy-agv/src/tutorial_interfaces/install/tutorial_interfaces/include/tutorial_interfaces/tutorial_interfaces/msg/sphere.h
[0.599s] -- Up-to-date: /home/sacka/repositories/billy-agv/src/tutorial_interfaces/install/tutorial_interfaces/include/tutorial_interfaces/tutorial_interfaces/msg/num.h
[0.600s] -- Up-to-date: /home/sacka/repositories/billy-agv/src/tutorial_interfaces/install/tutorial_interfaces/share/tutorial_interfaces/environment/library_path.sh
[0.600s] -- Up-to-date: /home/sacka/repositories/billy-agv/src/tutorial_interfaces/install/tutorial_interfaces/share/tutorial_interfaces/environment/library_path.dsv
[0.600s] -- Up-to-date: /home/sacka/repositories/billy-agv/src/tutorial_interfaces/install/tutorial_interfaces/lib/libtutorial_interfaces__rosidl_generator_c.so
[0.601s] -- Up-to-date: /home/sacka/repositories/billy-agv/src/tutorial_interfaces/install/tutorial_interfaces/include/tutorial_interfaces/tutorial_interfaces
[0.601s] -- Up-to-date: /home/sacka/repositories/billy-agv/src/tutorial_interfaces/install/tutorial_interfaces/include/tutorial_interfaces/tutorial_interfaces/srv
[0.601s] -- Up-to-date: /home/sacka/repositories/billy-agv/src/tutorial_interfaces/install/tutorial_interfaces/include/tutorial_interfaces/tutorial_interfaces/srv/detail
[0.601s] -- Up-to-date: /home/sacka/repositories/billy-agv/src/tutorial_interfaces/install/tutorial_interfaces/include/tutorial_interfaces/tutorial_interfaces/srv/detail/add_three_ints__rosidl_typesupport_fastrtps_c.h
[0.602s] -- Up-to-date: /home/sacka/repositories/billy-agv/src/tutorial_interfaces/install/tutorial_interfaces/include/tutorial_interfaces/tutorial_interfaces/msg
[0.602s] -- Up-to-date: /home/sacka/repositories/billy-agv/src/tutorial_interfaces/install/tutorial_interfaces/include/tutorial_interfaces/tutorial_interfaces/msg/rosidl_typesupport_fastrtps_c__visibility_control.h
[0.602s] -- Up-to-date: /home/sacka/repositories/billy-agv/src/tutorial_interfaces/install/tutorial_interfaces/include/tutorial_interfaces/tutorial_interfaces/msg/detail
[0.603s] -- Up-to-date: /home/sacka/repositories/billy-agv/src/tutorial_interfaces/install/tutorial_interfaces/include/tutorial_interfaces/tutorial_interfaces/msg/detail/num__rosidl_typesupport_fastrtps_c.h
[0.603s] -- Up-to-date: /home/sacka/repositories/billy-agv/src/tutorial_interfaces/install/tutorial_interfaces/include/tutorial_interfaces/tutorial_interfaces/msg/detail/sphere__rosidl_typesupport_fastrtps_c.h
[0.604s] -- Up-to-date: /home/sacka/repositories/billy-agv/src/tutorial_interfaces/install/tutorial_interfaces/lib/libtutorial_interfaces__rosidl_typesupport_fastrtps_c.so
[0.604s] -- Up-to-date: /home/sacka/repositories/billy-agv/src/tutorial_interfaces/install/tutorial_interfaces/include/tutorial_interfaces/tutorial_interfaces
[0.604s] -- Up-to-date: /home/sacka/repositories/billy-agv/src/tutorial_interfaces/install/tutorial_interfaces/include/tutorial_interfaces/tutorial_interfaces/srv
[0.605s] -- Up-to-date: /home/sacka/repositories/billy-agv/src/tutorial_interfaces/install/tutorial_interfaces/include/tutorial_interfaces/tutorial_interfaces/srv/detail
[0.605s] -- Up-to-date: /home/sacka/repositories/billy-agv/src/tutorial_interfaces/install/tutorial_interfaces/include/tutorial_interfaces/tutorial_interfaces/srv/detail/add_three_ints__builder.hpp
[0.605s] -- Up-to-date: /home/sacka/repositories/billy-agv/src/tutorial_interfaces/install/tutorial_interfaces/include/tutorial_interfaces/tutorial_interfaces/srv/detail/add_three_ints__struct.hpp
[0.606s] -- Up-to-date: /home/sacka/repositories/billy-agv/src/tutorial_interfaces/install/tutorial_interfaces/include/tutorial_interfaces/tutorial_interfaces/srv/detail/add_three_ints__traits.hpp
[0.606s] -- Up-to-date: /home/sacka/repositories/billy-agv/src/tutorial_interfaces/install/tutorial_interfaces/include/tutorial_interfaces/tutorial_interfaces/srv/add_three_ints.hpp
[0.606s] -- Up-to-date: /home/sacka/repositories/billy-agv/src/tutorial_interfaces/install/tutorial_interfaces/include/tutorial_interfaces/tutorial_interfaces/msg
[0.606s] -- Up-to-date: /home/sacka/repositories/billy-agv/src/tutorial_interfaces/install/tutorial_interfaces/include/tutorial_interfaces/tutorial_interfaces/msg/detail
[0.607s] -- Up-to-date: /home/sacka/repositories/billy-agv/src/tutorial_interfaces/install/tutorial_interfaces/include/tutorial_interfaces/tutorial_interfaces/msg/detail/num__struct.hpp
[0.607s] -- Up-to-date: /home/sacka/repositories/billy-agv/src/tutorial_interfaces/install/tutorial_interfaces/include/tutorial_interfaces/tutorial_interfaces/msg/detail/sphere__builder.hpp
[0.607s] -- Up-to-date: /home/sacka/repositories/billy-agv/src/tutorial_interfaces/install/tutorial_interfaces/include/tutorial_interfaces/tutorial_interfaces/msg/detail/num__traits.hpp
[0.608s] -- Up-to-date: /home/sacka/repositories/billy-agv/src/tutorial_interfaces/install/tutorial_interfaces/include/tutorial_interfaces/tutorial_interfaces/msg/detail/sphere__struct.hpp
[0.608s] -- Up-to-date: /home/sacka/repositories/billy-agv/src/tutorial_interfaces/install/tutorial_interfaces/include/tutorial_interfaces/tutorial_interfaces/msg/detail/num__builder.hpp
[0.608s] -- Up-to-date: /home/sacka/repositories/billy-agv/src/tutorial_interfaces/install/tutorial_interfaces/include/tutorial_interfaces/tutorial_interfaces/msg/detail/sphere__traits.hpp
[0.608s] -- Up-to-date: /home/sacka/repositories/billy-agv/src/tutorial_interfaces/install/tutorial_interfaces/include/tutorial_interfaces/tutorial_interfaces/msg/sphere.hpp
[0.608s] -- Up-to-date: /home/sacka/repositories/billy-agv/src/tutorial_interfaces/install/tutorial_interfaces/include/tutorial_interfaces/tutorial_interfaces/msg/num.hpp
[0.609s] -- Up-to-date: /home/sacka/repositories/billy-agv/src/tutorial_interfaces/install/tutorial_interfaces/include/tutorial_interfaces/tutorial_interfaces
[0.609s] -- Up-to-date: /home/sacka/repositories/billy-agv/src/tutorial_interfaces/install/tutorial_interfaces/include/tutorial_interfaces/tutorial_interfaces/srv
[0.609s] -- Up-to-date: /home/sacka/repositories/billy-agv/src/tutorial_interfaces/install/tutorial_interfaces/include/tutorial_interfaces/tutorial_interfaces/srv/detail
[0.609s] -- Up-to-date: /home/sacka/repositories/billy-agv/src/tutorial_interfaces/install/tutorial_interfaces/include/tutorial_interfaces/tutorial_interfaces/srv/detail/add_three_ints__rosidl_typesupport_fastrtps_cpp.hpp
[0.609s] -- Up-to-date: /home/sacka/repositories/billy-agv/src/tutorial_interfaces/install/tutorial_interfaces/include/tutorial_interfaces/tutorial_interfaces/srv/detail/dds_fastrtps
[0.609s] -- Up-to-date: /home/sacka/repositories/billy-agv/src/tutorial_interfaces/install/tutorial_interfaces/include/tutorial_interfaces/tutorial_interfaces/msg
[0.610s] -- Up-to-date: /home/sacka/repositories/billy-agv/src/tutorial_interfaces/install/tutorial_interfaces/include/tutorial_interfaces/tutorial_interfaces/msg/rosidl_typesupport_fastrtps_cpp__visibility_control.h
[0.610s] -- Up-to-date: /home/sacka/repositories/billy-agv/src/tutorial_interfaces/install/tutorial_interfaces/include/tutorial_interfaces/tutorial_interfaces/msg/detail
[0.610s] -- Up-to-date: /home/sacka/repositories/billy-agv/src/tutorial_interfaces/install/tutorial_interfaces/include/tutorial_interfaces/tutorial_interfaces/msg/detail/dds_fastrtps
[0.610s] -- Up-to-date: /home/sacka/repositories/billy-agv/src/tutorial_interfaces/install/tutorial_interfaces/include/tutorial_interfaces/tutorial_interfaces/msg/detail/sphere__rosidl_typesupport_fastrtps_cpp.hpp
[0.610s] -- Up-to-date: /home/sacka/repositories/billy-agv/src/tutorial_interfaces/install/tutorial_interfaces/include/tutorial_interfaces/tutorial_interfaces/msg/detail/num__rosidl_typesupport_fastrtps_cpp.hpp
[0.611s] -- Up-to-date: /home/sacka/repositories/billy-agv/src/tutorial_interfaces/install/tutorial_interfaces/lib/libtutorial_interfaces__rosidl_typesupport_fastrtps_cpp.so
[0.611s] -- Up-to-date: /home/sacka/repositories/billy-agv/src/tutorial_interfaces/install/tutorial_interfaces/include/tutorial_interfaces/tutorial_interfaces
[0.611s] -- Up-to-date: /home/sacka/repositories/billy-agv/src/tutorial_interfaces/install/tutorial_interfaces/include/tutorial_interfaces/tutorial_interfaces/srv
[0.611s] -- Up-to-date: /home/sacka/repositories/billy-agv/src/tutorial_interfaces/install/tutorial_interfaces/include/tutorial_interfaces/tutorial_interfaces/srv/detail
[0.611s] -- Up-to-date: /home/sacka/repositories/billy-agv/src/tutorial_interfaces/install/tutorial_interfaces/include/tutorial_interfaces/tutorial_interfaces/srv/detail/add_three_ints__type_support.c
[0.612s] -- Up-to-date: /home/sacka/repositories/billy-agv/src/tutorial_interfaces/install/tutorial_interfaces/include/tutorial_interfaces/tutorial_interfaces/srv/detail/add_three_ints__rosidl_typesupport_introspection_c.h
[0.612s] -- Up-to-date: /home/sacka/repositories/billy-agv/src/tutorial_interfaces/install/tutorial_interfaces/include/tutorial_interfaces/tutorial_interfaces/msg
[0.612s] -- Up-to-date: /home/sacka/repositories/billy-agv/src/tutorial_interfaces/install/tutorial_interfaces/include/tutorial_interfaces/tutorial_interfaces/msg/rosidl_typesupport_introspection_c__visibility_control.h
[0.612s] -- Up-to-date: /home/sacka/repositories/billy-agv/src/tutorial_interfaces/install/tutorial_interfaces/include/tutorial_interfaces/tutorial_interfaces/msg/detail
[0.613s] -- Up-to-date: /home/sacka/repositories/billy-agv/src/tutorial_interfaces/install/tutorial_interfaces/include/tutorial_interfaces/tutorial_interfaces/msg/detail/num__type_support.c
[0.613s] -- Up-to-date: /home/sacka/repositories/billy-agv/src/tutorial_interfaces/install/tutorial_interfaces/include/tutorial_interfaces/tutorial_interfaces/msg/detail/sphere__rosidl_typesupport_introspection_c.h
[0.613s] -- Up-to-date: /home/sacka/repositories/billy-agv/src/tutorial_interfaces/install/tutorial_interfaces/include/tutorial_interfaces/tutorial_interfaces/msg/detail/sphere__type_support.c
[0.613s] -- Up-to-date: /home/sacka/repositories/billy-agv/src/tutorial_interfaces/install/tutorial_interfaces/include/tutorial_interfaces/tutorial_interfaces/msg/detail/num__rosidl_typesupport_introspection_c.h
[0.614s] -- Up-to-date: /home/sacka/repositories/billy-agv/src/tutorial_interfaces/install/tutorial_interfaces/lib/libtutorial_interfaces__rosidl_typesupport_introspection_c.so
[0.614s] -- Up-to-date: /home/sacka/repositories/billy-agv/src/tutorial_interfaces/install/tutorial_interfaces/lib/libtutorial_interfaces__rosidl_typesupport_c.so
[0.614s] -- Up-to-date: /home/sacka/repositories/billy-agv/src/tutorial_interfaces/install/tutorial_interfaces/include/tutorial_interfaces/tutorial_interfaces
[0.614s] -- Up-to-date: /home/sacka/repositories/billy-agv/src/tutorial_interfaces/install/tutorial_interfaces/include/tutorial_interfaces/tutorial_interfaces/srv
[0.615s] -- Up-to-date: /home/sacka/repositories/billy-agv/src/tutorial_interfaces/install/tutorial_interfaces/include/tutorial_interfaces/tutorial_interfaces/srv/detail
[0.615s] -- Up-to-date: /home/sacka/repositories/billy-agv/src/tutorial_interfaces/install/tutorial_interfaces/include/tutorial_interfaces/tutorial_interfaces/srv/detail/add_three_ints__type_support.cpp
[0.615s] -- Up-to-date: /home/sacka/repositories/billy-agv/src/tutorial_interfaces/install/tutorial_interfaces/include/tutorial_interfaces/tutorial_interfaces/srv/detail/add_three_ints__rosidl_typesupport_introspection_cpp.hpp
[0.615s] -- Up-to-date: /home/sacka/repositories/billy-agv/src/tutorial_interfaces/install/tutorial_interfaces/include/tutorial_interfaces/tutorial_interfaces/msg
[0.615s] -- Up-to-date: /home/sacka/repositories/billy-agv/src/tutorial_interfaces/install/tutorial_interfaces/include/tutorial_interfaces/tutorial_interfaces/msg/detail
[0.615s] -- Up-to-date: /home/sacka/repositories/billy-agv/src/tutorial_interfaces/install/tutorial_interfaces/include/tutorial_interfaces/tutorial_interfaces/msg/detail/num__type_support.cpp
[0.615s] -- Up-to-date: /home/sacka/repositories/billy-agv/src/tutorial_interfaces/install/tutorial_interfaces/include/tutorial_interfaces/tutorial_interfaces/msg/detail/sphere__type_support.cpp
[0.616s] -- Up-to-date: /home/sacka/repositories/billy-agv/src/tutorial_interfaces/install/tutorial_interfaces/include/tutorial_interfaces/tutorial_interfaces/msg/detail/sphere__rosidl_typesupport_introspection_cpp.hpp
[0.616s] -- Up-to-date: /home/sacka/repositories/billy-agv/src/tutorial_interfaces/install/tutorial_interfaces/include/tutorial_interfaces/tutorial_interfaces/msg/detail/num__rosidl_typesupport_introspection_cpp.hpp
[0.616s] -- Up-to-date: /home/sacka/repositories/billy-agv/src/tutorial_interfaces/install/tutorial_interfaces/lib/libtutorial_interfaces__rosidl_typesupport_introspection_cpp.so
[0.616s] -- Up-to-date: /home/sacka/repositories/billy-agv/src/tutorial_interfaces/install/tutorial_interfaces/lib/libtutorial_interfaces__rosidl_typesupport_cpp.so
[0.616s] -- Up-to-date: /home/sacka/repositories/billy-agv/src/tutorial_interfaces/install/tutorial_interfaces/share/tutorial_interfaces/environment/pythonpath.sh
[0.616s] -- Up-to-date: /home/sacka/repositories/billy-agv/src/tutorial_interfaces/install/tutorial_interfaces/share/tutorial_interfaces/environment/pythonpath.dsv
[0.616s] -- Up-to-date: /home/sacka/repositories/billy-agv/src/tutorial_interfaces/install/tutorial_interfaces/local/lib/python3.10/dist-packages/tutorial_interfaces-0.0.0-py3.10.egg-info
[0.617s] -- Installing: /home/sacka/repositories/billy-agv/src/tutorial_interfaces/install/tutorial_interfaces/local/lib/python3.10/dist-packages/tutorial_interfaces-0.0.0-py3.10.egg-info/dependency_links.txt
[0.617s] -- Installing: /home/sacka/repositories/billy-agv/src/tutorial_interfaces/install/tutorial_interfaces/local/lib/python3.10/dist-packages/tutorial_interfaces-0.0.0-py3.10.egg-info/top_level.txt
[0.617s] -- Installing: /home/sacka/repositories/billy-agv/src/tutorial_interfaces/install/tutorial_interfaces/local/lib/python3.10/dist-packages/tutorial_interfaces-0.0.0-py3.10.egg-info/PKG-INFO
[0.617s] -- Installing: /home/sacka/repositories/billy-agv/src/tutorial_interfaces/install/tutorial_interfaces/local/lib/python3.10/dist-packages/tutorial_interfaces-0.0.0-py3.10.egg-info/SOURCES.txt
[0.617s] -- Up-to-date: /home/sacka/repositories/billy-agv/src/tutorial_interfaces/install/tutorial_interfaces/local/lib/python3.10/dist-packages/tutorial_interfaces
[0.617s] -- Up-to-date: /home/sacka/repositories/billy-agv/src/tutorial_interfaces/install/tutorial_interfaces/local/lib/python3.10/dist-packages/tutorial_interfaces/_tutorial_interfaces_s.ep.rosidl_typesupport_introspection_c.c
[0.617s] -- Up-to-date: /home/sacka/repositories/billy-agv/src/tutorial_interfaces/install/tutorial_interfaces/local/lib/python3.10/dist-packages/tutorial_interfaces/libtutorial_interfaces__rosidl_generator_py.so
[0.618s] -- Up-to-date: /home/sacka/repositories/billy-agv/src/tutorial_interfaces/install/tutorial_interfaces/local/lib/python3.10/dist-packages/tutorial_interfaces/__init__.py
[0.618s] -- Up-to-date: /home/sacka/repositories/billy-agv/src/tutorial_interfaces/install/tutorial_interfaces/local/lib/python3.10/dist-packages/tutorial_interfaces/_tutorial_interfaces_s.ep.rosidl_typesupport_c.c
[0.618s] -- Up-to-date: /home/sacka/repositories/billy-agv/src/tutorial_interfaces/install/tutorial_interfaces/local/lib/python3.10/dist-packages/tutorial_interfaces/tutorial_interfaces_s__rosidl_typesupport_c.cpython-310-x86_64-linux-gnu.so
[0.618s] -- Up-to-date: /home/sacka/repositories/billy-agv/src/tutorial_interfaces/install/tutorial_interfaces/local/lib/python3.10/dist-packages/tutorial_interfaces/tutorial_interfaces_s__rosidl_typesupport_fastrtps_c.cpython-310-x86_64-linux-gnu.so
[0.618s] -- Up-to-date: /home/sacka/repositories/billy-agv/src/tutorial_interfaces/install/tutorial_interfaces/local/lib/python3.10/dist-packages/tutorial_interfaces/_tutorial_interfaces_s.ep.rosidl_typesupport_fastrtps_c.c
[0.618s] -- Up-to-date: /home/sacka/repositories/billy-agv/src/tutorial_interfaces/install/tutorial_interfaces/local/lib/python3.10/dist-packages/tutorial_interfaces/srv
[0.619s] -- Up-to-date: /home/sacka/repositories/billy-agv/src/tutorial_interfaces/install/tutorial_interfaces/local/lib/python3.10/dist-packages/tutorial_interfaces/srv/__init__.py
[0.619s] -- Up-to-date: /home/sacka/repositories/billy-agv/src/tutorial_interfaces/install/tutorial_interfaces/local/lib/python3.10/dist-packages/tutorial_interfaces/srv/_add_three_ints_s.c
[0.619s] -- Up-to-date: /home/sacka/repositories/billy-agv/src/tutorial_interfaces/install/tutorial_interfaces/local/lib/python3.10/dist-packages/tutorial_interfaces/srv/_add_three_ints.py
[0.619s] -- Up-to-date: /home/sacka/repositories/billy-agv/src/tutorial_interfaces/install/tutorial_interfaces/local/lib/python3.10/dist-packages/tutorial_interfaces/tutorial_interfaces_s__rosidl_typesupport_introspection_c.cpython-310-x86_64-linux-gnu.so
[0.619s] -- Up-to-date: /home/sacka/repositories/billy-agv/src/tutorial_interfaces/install/tutorial_interfaces/local/lib/python3.10/dist-packages/tutorial_interfaces/msg
[0.620s] -- Up-to-date: /home/sacka/repositories/billy-agv/src/tutorial_interfaces/install/tutorial_interfaces/local/lib/python3.10/dist-packages/tutorial_interfaces/msg/_sphere.py
[0.620s] -- Up-to-date: /home/sacka/repositories/billy-agv/src/tutorial_interfaces/install/tutorial_interfaces/local/lib/python3.10/dist-packages/tutorial_interfaces/msg/_sphere_s.c
[0.620s] -- Up-to-date: /home/sacka/repositories/billy-agv/src/tutorial_interfaces/install/tutorial_interfaces/local/lib/python3.10/dist-packages/tutorial_interfaces/msg/__init__.py
[0.620s] -- Up-to-date: /home/sacka/repositories/billy-agv/src/tutorial_interfaces/install/tutorial_interfaces/local/lib/python3.10/dist-packages/tutorial_interfaces/msg/_num.py
[0.620s] -- Up-to-date: /home/sacka/repositories/billy-agv/src/tutorial_interfaces/install/tutorial_interfaces/local/lib/python3.10/dist-packages/tutorial_interfaces/msg/_num_s.c
[0.651s] Listing '/home/sacka/repositories/billy-agv/src/tutorial_interfaces/install/tutorial_interfaces/local/lib/python3.10/dist-packages/tutorial_interfaces'...
[0.651s] Listing '/home/sacka/repositories/billy-agv/src/tutorial_interfaces/install/tutorial_interfaces/local/lib/python3.10/dist-packages/tutorial_interfaces/msg'...
[0.651s] Listing '/home/sacka/repositories/billy-agv/src/tutorial_interfaces/install/tutorial_interfaces/local/lib/python3.10/dist-packages/tutorial_interfaces/srv'...
[0.657s] -- Up-to-date: /home/sacka/repositories/billy-agv/src/tutorial_interfaces/install/tutorial_interfaces/local/lib/python3.10/dist-packages/tutorial_interfaces/tutorial_interfaces_s__rosidl_typesupport_fastrtps_c.cpython-310-x86_64-linux-gnu.so
[0.657s] -- Up-to-date: /home/sacka/repositories/billy-agv/src/tutorial_interfaces/install/tutorial_interfaces/local/lib/python3.10/dist-packages/tutorial_interfaces/tutorial_interfaces_s__rosidl_typesupport_introspection_c.cpython-310-x86_64-linux-gnu.so
[0.657s] -- Up-to-date: /home/sacka/repositories/billy-agv/src/tutorial_interfaces/install/tutorial_interfaces/local/lib/python3.10/dist-packages/tutorial_interfaces/tutorial_interfaces_s__rosidl_typesupport_c.cpython-310-x86_64-linux-gnu.so
[0.658s] -- Up-to-date: /home/sacka/repositories/billy-agv/src/tutorial_interfaces/install/tutorial_interfaces/lib/libtutorial_interfaces__rosidl_generator_py.so
[0.658s] -- Up-to-date: /home/sacka/repositories/billy-agv/src/tutorial_interfaces/install/tutorial_interfaces/share/tutorial_interfaces/msg/Num.idl
[0.658s] -- Up-to-date: /home/sacka/repositories/billy-agv/src/tutorial_interfaces/install/tutorial_interfaces/share/tutorial_interfaces/msg/Sphere.idl
[0.659s] -- Up-to-date: /home/sacka/repositories/billy-agv/src/tutorial_interfaces/install/tutorial_interfaces/share/tutorial_interfaces/srv/AddThreeInts.idl
[0.659s] -- Up-to-date: /home/sacka/repositories/billy-agv/src/tutorial_interfaces/install/tutorial_interfaces/share/tutorial_interfaces/msg/Num.msg
[0.659s] -- Up-to-date: /home/sacka/repositories/billy-agv/src/tutorial_interfaces/install/tutorial_interfaces/share/tutorial_interfaces/msg/Sphere.msg
[0.660s] -- Up-to-date: /home/sacka/repositories/billy-agv/src/tutorial_interfaces/install/tutorial_interfaces/share/tutorial_interfaces/srv/AddThreeInts.srv
[0.660s] -- Up-to-date: /home/sacka/repositories/billy-agv/src/tutorial_interfaces/install/tutorial_interfaces/share/tutorial_interfaces/srv/AddThreeInts_Request.msg
[0.660s] -- Up-to-date: /home/sacka/repositories/billy-agv/src/tutorial_interfaces/install/tutorial_interfaces/share/tutorial_interfaces/srv/AddThreeInts_Response.msg
[0.660s] -- Up-to-date: /home/sacka/repositories/billy-agv/src/tutorial_interfaces/install/tutorial_interfaces/share/ament_index/resource_index/package_run_dependencies/tutorial_interfaces
[0.661s] -- Up-to-date: /home/sacka/repositories/billy-agv/src/tutorial_interfaces/install/tutorial_interfaces/share/ament_index/resource_index/parent_prefix_path/tutorial_interfaces
[0.661s] -- Up-to-date: /home/sacka/repositories/billy-agv/src/tutorial_interfaces/install/tutorial_interfaces/share/tutorial_interfaces/environment/ament_prefix_path.sh
[0.661s] -- Up-to-date: /home/sacka/repositories/billy-agv/src/tutorial_interfaces/install/tutorial_interfaces/share/tutorial_interfaces/environment/ament_prefix_path.dsv
[0.662s] -- Up-to-date: /home/sacka/repositories/billy-agv/src/tutorial_interfaces/install/tutorial_interfaces/share/tutorial_interfaces/environment/path.sh
[0.662s] -- Up-to-date: /home/sacka/repositories/billy-agv/src/tutorial_interfaces/install/tutorial_interfaces/share/tutorial_interfaces/environment/path.dsv
[0.662s] -- Up-to-date: /home/sacka/repositories/billy-agv/src/tutorial_interfaces/install/tutorial_interfaces/share/tutorial_interfaces/local_setup.bash
[0.663s] -- Up-to-date: /home/sacka/repositories/billy-agv/src/tutorial_interfaces/install/tutorial_interfaces/share/tutorial_interfaces/local_setup.sh
[0.663s] -- Up-to-date: /home/sacka/repositories/billy-agv/src/tutorial_interfaces/install/tutorial_interfaces/share/tutorial_interfaces/local_setup.zsh
[0.663s] -- Up-to-date: /home/sacka/repositories/billy-agv/src/tutorial_interfaces/install/tutorial_interfaces/share/tutorial_interfaces/local_setup.dsv
[0.664s] -- Installing: /home/sacka/repositories/billy-agv/src/tutorial_interfaces/install/tutorial_interfaces/share/tutorial_interfaces/package.dsv
[0.664s] -- Up-to-date: /home/sacka/repositories/billy-agv/src/tutorial_interfaces/install/tutorial_interfaces/share/ament_index/resource_index/packages/tutorial_interfaces
[0.664s] -- Up-to-date: /home/sacka/repositories/billy-agv/src/tutorial_interfaces/install/tutorial_interfaces/share/tutorial_interfaces/cmake/export_tutorial_interfaces__rosidl_generator_cExport.cmake
[0.664s] -- Up-to-date: /home/sacka/repositories/billy-agv/src/tutorial_interfaces/install/tutorial_interfaces/share/tutorial_interfaces/cmake/export_tutorial_interfaces__rosidl_generator_cExport-noconfig.cmake
[0.664s] -- Up-to-date: /home/sacka/repositories/billy-agv/src/tutorial_interfaces/install/tutorial_interfaces/share/tutorial_interfaces/cmake/export_tutorial_interfaces__rosidl_typesupport_fastrtps_cExport.cmake
[0.664s] -- Up-to-date: /home/sacka/repositories/billy-agv/src/tutorial_interfaces/install/tutorial_interfaces/share/tutorial_interfaces/cmake/export_tutorial_interfaces__rosidl_typesupport_fastrtps_cExport-noconfig.cmake
[0.665s] -- Up-to-date: /home/sacka/repositories/billy-agv/src/tutorial_interfaces/install/tutorial_interfaces/share/tutorial_interfaces/cmake/export_tutorial_interfaces__rosidl_generator_cppExport.cmake
[0.667s] -- Up-to-date: /home/sacka/repositories/billy-agv/src/tutorial_interfaces/install/tutorial_interfaces/share/tutorial_interfaces/cmake/export_tutorial_interfaces__rosidl_typesupport_fastrtps_cppExport.cmake
[0.668s] -- Up-to-date: /home/sacka/repositories/billy-agv/src/tutorial_interfaces/install/tutorial_interfaces/share/tutorial_interfaces/cmake/export_tutorial_interfaces__rosidl_typesupport_fastrtps_cppExport-noconfig.cmake
[0.669s] -- Up-to-date: /home/sacka/repositories/billy-agv/src/tutorial_interfaces/install/tutorial_interfaces/share/tutorial_interfaces/cmake/tutorial_interfaces__rosidl_typesupport_introspection_cExport.cmake
[0.671s] -- Up-to-date: /home/sacka/repositories/billy-agv/src/tutorial_interfaces/install/tutorial_interfaces/share/tutorial_interfaces/cmake/tutorial_interfaces__rosidl_typesupport_introspection_cExport-noconfig.cmake
[0.672s] -- Up-to-date: /home/sacka/repositories/billy-agv/src/tutorial_interfaces/install/tutorial_interfaces/share/tutorial_interfaces/cmake/tutorial_interfaces__rosidl_typesupport_cExport.cmake
[0.673s] -- Up-to-date: /home/sacka/repositories/billy-agv/src/tutorial_interfaces/install/tutorial_interfaces/share/tutorial_interfaces/cmake/tutorial_interfaces__rosidl_typesupport_cExport-noconfig.cmake
[0.673s] -- Up-to-date: /home/sacka/repositories/billy-agv/src/tutorial_interfaces/install/tutorial_interfaces/share/tutorial_interfaces/cmake/tutorial_interfaces__rosidl_typesupport_introspection_cppExport.cmake
[0.673s] -- Up-to-date: /home/sacka/repositories/billy-agv/src/tutorial_interfaces/install/tutorial_interfaces/share/tutorial_interfaces/cmake/tutorial_interfaces__rosidl_typesupport_introspection_cppExport-noconfig.cmake
[0.675s] -- Up-to-date: /home/sacka/repositories/billy-agv/src/tutorial_interfaces/install/tutorial_interfaces/share/tutorial_interfaces/cmake/tutorial_interfaces__rosidl_typesupport_cppExport.cmake
[0.676s] -- Up-to-date: /home/sacka/repositories/billy-agv/src/tutorial_interfaces/install/tutorial_interfaces/share/tutorial_interfaces/cmake/tutorial_interfaces__rosidl_typesupport_cppExport-noconfig.cmake
[0.677s] -- Up-to-date: /home/sacka/repositories/billy-agv/src/tutorial_interfaces/install/tutorial_interfaces/share/tutorial_interfaces/cmake/export_tutorial_interfaces__rosidl_generator_pyExport.cmake
[0.677s] -- Up-to-date: /home/sacka/repositories/billy-agv/src/tutorial_interfaces/install/tutorial_interfaces/share/tutorial_interfaces/cmake/export_tutorial_interfaces__rosidl_generator_pyExport-noconfig.cmake
[0.678s] -- Up-to-date: /home/sacka/repositories/billy-agv/src/tutorial_interfaces/install/tutorial_interfaces/share/tutorial_interfaces/cmake/rosidl_cmake-extras.cmake
[0.679s] -- Up-to-date: /home/sacka/repositories/billy-agv/src/tutorial_interfaces/install/tutorial_interfaces/share/tutorial_interfaces/cmake/ament_cmake_export_dependencies-extras.cmake
[0.680s] -- Up-to-date: /home/sacka/repositories/billy-agv/src/tutorial_interfaces/install/tutorial_interfaces/share/tutorial_interfaces/cmake/ament_cmake_export_include_directories-extras.cmake
[0.681s] -- Up-to-date: /home/sacka/repositories/billy-agv/src/tutorial_interfaces/install/tutorial_interfaces/share/tutorial_interfaces/cmake/ament_cmake_export_libraries-extras.cmake
[0.681s] -- Up-to-date: /home/sacka/repositories/billy-agv/src/tutorial_interfaces/install/tutorial_interfaces/share/tutorial_interfaces/cmake/ament_cmake_export_targets-extras.cmake
[0.682s] -- Up-to-date: /home/sacka/repositories/billy-agv/src/tutorial_interfaces/install/tutorial_interfaces/share/tutorial_interfaces/cmake/rosidl_cmake_export_typesupport_targets-extras.cmake
[0.682s] -- Up-to-date: /home/sacka/repositories/billy-agv/src/tutorial_interfaces/install/tutorial_interfaces/share/tutorial_interfaces/cmake/rosidl_cmake_export_typesupport_libraries-extras.cmake
[0.682s] -- Up-to-date: /home/sacka/repositories/billy-agv/src/tutorial_interfaces/install/tutorial_interfaces/share/tutorial_interfaces/cmake/tutorial_interfacesConfig.cmake
[0.683s] -- Up-to-date: /home/sacka/repositories/billy-agv/src/tutorial_interfaces/install/tutorial_interfaces/share/tutorial_interfaces/cmake/tutorial_interfacesConfig-version.cmake
[0.683s] -- Up-to-date: /home/sacka/repositories/billy-agv/src/tutorial_interfaces/install/tutorial_interfaces/share/tutorial_interfaces/package.xml
[0.684s] Invoked command in '/home/sacka/repositories/billy-agv/src/tutorial_interfaces/build/tutorial_interfaces' returned '0': CMAKE_PREFIX_PATH=${CMAKE_PREFIX_PATH}:/opt/ros/humble /usr/bin/cmake --install /home/sacka/repositories/billy-agv/src/tutorial_interfaces/build/tutorial_interfaces
